Log file open, 04/03/19 09:05:52
LogWindows: Failed to load 'aqProf.dll' (GetLastError=126)
LogWindows: File 'aqProf.dll' does not exist
LogWindows: Failed to load 'VtuneApi.dll' (GetLastError=126)
LogWindows: File 'VtuneApi.dll' does not exist
LogWindows: Failed to load 'VtuneApi32e.dll' (GetLastError=126)
LogWindows: File 'VtuneApi32e.dll' does not exist
LogConsoleResponse: Display: Failed to find resolution value strings in scalability ini. Falling back to default.
LogInit: Display: Running engine for game: ThirdPerson
LogPakFile: Registered encryption key '00000000000000000000000000000000': 0 pak files mounted, 0 remain pending
LogPlatformFile: Not using cached read wrapper
LogTaskGraph: Started task graph with 5 named threads and 35 total threads with 3 sets of task threads.
LogStats: Stats thread started at 0.456289
LogD3D11RHI: Loaded GFSDK_Aftermath_Lib.x64.dll
LogICUInternationalization: ICU TimeZone Detection - Raw Offset: +0:00, Platform Override: ''
LogPluginManager: Mounting plugin Paper2D
LogPluginManager: Mounting plugin AISupport
LogPluginManager: Mounting plugin LightPropagationVolume
LogPluginManager: Mounting plugin ActorLayerUtilities
LogPluginManager: Mounting plugin CLionSourceCodeAccess
LogPluginManager: Mounting plugin CodeLiteSourceCodeAccess
LogPluginManager: Mounting plugin GitSourceControl
LogPluginManager: Mounting plugin KDevelopSourceCodeAccess
LogPluginManager: Mounting plugin NullSourceCodeAccess
LogPluginManager: Mounting plugin PerforceSourceControl
LogPluginManager: Mounting plugin SubversionSourceControl
LogPluginManager: Mounting plugin UObjectPlugin
LogPluginManager: Mounting plugin VisualStudioCodeSourceCodeAccess
LogPluginManager: Mounting plugin VisualStudioSourceCodeAccess
LogPluginManager: Mounting plugin XCodeSourceCodeAccess
LogPluginManager: Mounting plugin AssetManagerEditor
LogPluginManager: Mounting plugin CryptoKeys
LogPluginManager: Mounting plugin DataValidation
LogPluginManager: Mounting plugin FacialAnimation
LogPluginManager: Mounting plugin GameplayTagsEditor
LogPluginManager: Mounting plugin MacGraphicsSwitching
LogPluginManager: Mounting plugin MeshEditor
LogPluginManager: Mounting plugin MobileLauncherProfileWizard
LogPluginManager: Mounting plugin PluginBrowser
LogPluginManager: Mounting plugin SpeedTreeImporter
LogPluginManager: Mounting plugin DatasmithContent
LogPluginManager: Mounting plugin VariantManagerContent
LogPluginManager: Mounting plugin AlembicImporter
LogPluginManager: Mounting plugin AppleImageUtils
LogPluginManager: Mounting plugin AppleVision
LogPluginManager: Mounting plugin BackChannel
LogPluginManager: Mounting plugin CharacterAI
LogPluginManager: Mounting plugin GeometryCache
LogPluginManager: Mounting plugin HTML5Networking
LogPluginManager: Mounting plugin ProxyLODPlugin
LogPluginManager: Mounting plugin MagicLeap
LogPluginManager: Mounting plugin MagicLeapMedia
LogPluginManager: Mounting plugin AndroidMedia
LogPluginManager: Mounting plugin AvfMedia
LogPluginManager: Mounting plugin ImgMedia
LogPluginManager: Mounting plugin LinearTimecode
LogPluginManager: Mounting plugin MediaCompositing
LogPluginManager: Mounting plugin MediaPlayerEditor
LogPluginManager: Mounting plugin WebMMedia
LogPluginManager: Mounting plugin WmfMedia
LogPluginManager: Mounting plugin TcpMessaging
LogPluginManager: Mounting plugin UdpMessaging
LogPluginManager: Mounting plugin ActorSequence
LogPluginManager: Mounting plugin LevelSequenceEditor
LogPluginManager: Mounting plugin MatineeToLevelSequence
LogPluginManager: Mounting plugin NetcodeUnitTest
LogPluginManager: Mounting plugin NUTUnrealEngine4
LogPluginManager: Mounting plugin OnlineSubsystemGooglePlay
LogPluginManager: Mounting plugin OnlineSubsystemIOS
LogPluginManager: Mounting plugin OnlineSubsystem
LogPluginManager: Mounting plugin OnlineSubsystemNull
LogPluginManager: Mounting plugin OnlineSubsystemUtils
LogPluginManager: Mounting plugin LauncherChunkInstaller
LogPluginManager: Mounting plugin AndroidDeviceProfileSelector
LogPluginManager: Mounting plugin AndroidMoviePlayer
LogPluginManager: Mounting plugin AndroidPermission
LogPluginManager: Mounting plugin AppleMoviePlayer
LogPluginManager: Mounting plugin ArchVisCharacter
LogPluginManager: Mounting plugin AudioCapture
LogPluginManager: Mounting plugin CableComponent
LogPluginManager: Mounting plugin CustomMeshComponent
LogPluginManager: Mounting plugin EditableMesh
LogPluginManager: Mounting plugin ExampleDeviceProfileSelector
LogPluginManager: Mounting plugin Firebase
LogPluginManager: Mounting plugin GoogleCloudMessaging
LogPluginManager: Mounting plugin IOSDeviceProfileSelector
LogPluginManager: Mounting plugin LinuxDeviceProfileSelector
LogPluginManager: Mounting plugin LocationServicesBPLibrary
LogPluginManager: Mounting plugin MobilePatchingUtils
LogPluginManager: Mounting plugin OculusVR
LogPluginManager: Mounting plugin PhysXVehicles
LogPluginManager: Mounting plugin ProceduralMeshComponent
LogPluginManager: Mounting plugin RuntimePhysXCooking
LogPluginManager: Mounting plugin SteamVR
LogPluginManager: Mounting plugin WebMMoviePlayer
LogPluginManager: Mounting plugin WindowsMoviePlayer
LogStreaming: Display: Took  0.124s to configure plugins.
LogInit: Using libcurl 7.55.1-DEV
LogInit:  - built for x86_64-pc-win32
LogInit:  - supports SSL with OpenSSL/1.0.2h
LogInit:  - supports HTTP deflate (compression) using libz 1.2.8
LogInit:  - other features:
LogInit:      CURL_VERSION_SSL
LogInit:      CURL_VERSION_LIBZ
LogInit:      CURL_VERSION_IPV6
LogInit:      CURL_VERSION_ASYNCHDNS
LogInit:      CURL_VERSION_LARGEFILE
LogInit:      CURL_VERSION_IDN
LogInit:  CurlRequestOptions (configurable via config and command line):
LogInit:  - bVerifyPeer = true  - Libcurl will verify peer certificate
LogInit:  - bUseHttpProxy = false  - Libcurl will NOT use HTTP proxy
LogInit:  - bDontReuseConnections = false  - Libcurl will reuse connections
LogInit:  - MaxHostConnections = 16  - Libcurl will limit the number of connections to a host
LogInit:  - LocalHostAddr = Default
LogInit:  - BufferSize = 65536
LogInit: WinSock: version 1.1 (2.2), MaxSocks=32767, MaxUdp=65467
LogInit: Build: ++UE4+Release-4.21-CL-4753647
LogInit: Engine Version: 4.21.2-4753647+++UE4+Release-4.21
LogInit: Compatible Engine Version: 4.21.0-4541578+++UE4+Release-4.21
LogInit: Net CL: 4541578
LogInit: OS: Windows 10 (), CPU: AMD Ryzen 5 1600 Six-Core Processor            , GPU: Radeon (TM) RX 480 Graphics
LogInit: Compiled (64-bit): Jan 19 2019 02:07:31
LogInit: Compiled with Visual C++: 19.13.26129.00
LogInit: Build Configuration: Development
LogInit: Branch Name: ++UE4+Release-4.21
LogInit: Command Line:  -EpicPortal -epicusername=Skuuully -epicuserid=f508201edf4a444a8c5ce4c871d3e9ea -epiclocale=en-GB
LogInit: Base Directory: C:/Program Files/Epic Games/UE_4.21/Engine/Binaries/Win64/
LogInit: Installed Engine Build: 1
LogDevObjectVersion: Number of dev versions registered: 22
LogDevObjectVersion:   Dev-Blueprints (B0D832E4-1F89-4F0D-ACCF-7EB736FD4AA2): 10
LogDevObjectVersion:   Dev-Build (E1C64328-A22C-4D53-A36C-8E866417BD8C): 0
LogDevObjectVersion:   Dev-Core (375EC13C-06E4-48FB-B500-84F0262A717E): 2
LogDevObjectVersion:   Dev-Editor (E4B068ED-F494-42E9-A231-DA0B2E46BB41): 26
LogDevObjectVersion:   Dev-Framework (CFFC743F-43B0-4480-9391-14DF171D2073): 34
LogDevObjectVersion:   Dev-Mobile (B02B49B5-BB20-44E9-A304-32B752E40360): 2
LogDevObjectVersion:   Dev-Networking (A4E4105C-59A1-49B5-A7C5-40C4547EDFEE): 0
LogDevObjectVersion:   Dev-Online (39C831C9-5AE6-47DC-9A44-9C173E1C8E7C): 0
LogDevObjectVersion:   Dev-Physics (78F01B33-EBEA-4F98-B9B4-84EACCB95AA2): 0
LogDevObjectVersion:   Dev-Platform (6631380F-2D4D-43E0-8009-CF276956A95A): 0
LogDevObjectVersion:   Dev-Rendering (12F88B9F-8875-4AFC-A67C-D90C383ABD29): 27
LogDevObjectVersion:   Dev-Sequencer (7B5AE74C-D270-4C10-A958-57980B212A5A): 9
LogDevObjectVersion:   Dev-VR (D7296918-1DD6-4BDD-9DE2-64A83CC13884): 2
LogDevObjectVersion:   Dev-LoadTimes (C2A15278-BFE7-4AFE-6C17-90FF531DF755): 1
LogDevObjectVersion:   Private-Geometry (6EACA3D4-40EC-4CC1-B786-8BED09428FC5): 3
LogDevObjectVersion:   Dev-AnimPhys (29E575DD-E0A3-4627-9D10-D276232CDCEA): 17
LogDevObjectVersion:   Dev-Anim (AF43A65D-7FD3-4947-9873-3E8ED9C1BB05): 2
LogDevObjectVersion:   Dev-ReflectionCapture (6B266CEC-1EC7-4B8F-A30B-E4D90942FC07): 1
LogDevObjectVersion:   Dev-Automation (0DF73D61-A23F-47EA-B727-89E90C41499A): 1
LogDevObjectVersion:   FortniteMain (601D1886-AC64-4F84-AA16-D3DE0DEAC7D6): 17
LogDevObjectVersion:   Dev-Enterprise (9DFFBCD6-494F-0158-E221-12823C92A888): 4
LogDevObjectVersion:   Dev-Niagara (F2AED0AC-9AFE-416F-8664-AA7FFA26D6FC): 1
LogStreaming: Display: Took  0.005s to delete old logs.
LogInit: Presizing for max 8388607 objects, including 0 objects not considered by GC, pre-allocating 0 bytes for permanent pool.
LogInit: Object subsystem initialized
LogConfig: Setting CVar [[con.DebugEarlyDefault:1]]
LogConfig: Setting CVar [[r.setres:1280x720]]
[2019.04.03-08.05.52:666][  0]LogConfig: Setting CVar [[r.VSync:0]]
[2019.04.03-08.05.52:667][  0]LogConfig: Setting CVar [[r.RHICmdBypass:0]]
[2019.04.03-08.05.52:667][  0]LogConfig: Applying CVar settings from Section [/Script/Engine.RendererSettings] File [C:/Users/Ryan Skull/Documents/Unreal Projects/ThirdPerson/Saved/Config/Windows/Engine.ini]
[2019.04.03-08.05.52:667][  0]LogConfig: Setting CVar [[r.GPUCrashDebugging:0]]
[2019.04.03-08.05.52:667][  0]LogConfig: Applying CVar settings from Section [/Script/Engine.RendererOverrideSettings] File [C:/Users/Ryan Skull/Documents/Unreal Projects/ThirdPerson/Saved/Config/Windows/Engine.ini]
[2019.04.03-08.05.52:667][  0]LogConfig: Applying CVar settings from Section [/Script/Engine.StreamingSettings] File [C:/Users/Ryan Skull/Documents/Unreal Projects/ThirdPerson/Saved/Config/Windows/Engine.ini]
[2019.04.03-08.05.52:667][  0]LogConfig: Setting CVar [[s.MinBulkDataSizeForAsyncLoading:131072]]
[2019.04.03-08.05.52:667][  0]LogConfig: Setting CVar [[s.AsyncLoadingThreadEnabled:0]]
[2019.04.03-08.05.52:667][  0]LogConfig: Setting CVar [[s.EventDrivenLoaderEnabled:1]]
[2019.04.03-08.05.52:667][  0]LogConfig: Setting CVar [[s.WarnIfTimeLimitExceeded:0]]
[2019.04.03-08.05.52:667][  0]LogConfig: Setting CVar [[s.TimeLimitExceededMultiplier:1.5]]
[2019.04.03-08.05.52:667][  0]LogConfig: Setting CVar [[s.TimeLimitExceededMinTime:0.005]]
[2019.04.03-08.05.52:667][  0]LogConfig: Setting CVar [[s.UseBackgroundLevelStreaming:1]]
[2019.04.03-08.05.52:667][  0]LogConfig: Setting CVar [[s.PriorityAsyncLoadingExtraTime:15.0]]
[2019.04.03-08.05.52:667][  0]LogConfig: Setting CVar [[s.LevelStreamingActorsUpdateTimeLimit:5.0]]
[2019.04.03-08.05.52:667][  0]LogConfig: Setting CVar [[s.PriorityLevelStreamingActorsUpdateExtraTime:5.0]]
[2019.04.03-08.05.52:667][  0]LogConfig: Setting CVar [[s.LevelStreamingComponentsRegistrationGranularity:10]]
[2019.04.03-08.05.52:667][  0]LogConfig: Setting CVar [[s.UnregisterComponentsTimeLimit:1.0]]
[2019.04.03-08.05.52:667][  0]LogConfig: Setting CVar [[s.LevelStreamingComponentsUnregistrationGranularity:5]]
[2019.04.03-08.05.52:667][  0]LogConfig: Applying CVar settings from Section [/Script/Engine.GarbageCollectionSettings] File [C:/Users/Ryan Skull/Documents/Unreal Projects/ThirdPerson/Saved/Config/Windows/Engine.ini]
[2019.04.03-08.05.52:667][  0]LogConfig: Setting CVar [[gc.MaxObjectsNotConsideredByGC:1]]
[2019.04.03-08.05.52:667][  0]LogConfig: Setting CVar [[gc.SizeOfPermanentObjectPool:0]]
[2019.04.03-08.05.52:667][  0]LogConfig: Setting CVar [[gc.FlushStreamingOnGC:0]]
[2019.04.03-08.05.52:667][  0]LogConfig: Setting CVar [[gc.NumRetriesBeforeForcingGC:10]]
[2019.04.03-08.05.52:667][  0]LogConfig: Setting CVar [[gc.AllowParallelGC:1]]
[2019.04.03-08.05.52:667][  0]LogConfig: Setting CVar [[gc.TimeBetweenPurgingPendingKillObjects:61.1]]
[2019.04.03-08.05.52:667][  0]LogConfig: Setting CVar [[gc.MaxObjectsInEditor:8388607]]
[2019.04.03-08.05.52:667][  0]LogConfig: Setting CVar [[gc.IncrementalBeginDestroyEnabled:1]]
[2019.04.03-08.05.52:667][  0]LogConfig: Setting CVar [[gc.CreateGCClusters:1]]
[2019.04.03-08.05.52:667][  0]LogConfig: Setting CVar [[gc.MergeGCClusters:0]]
[2019.04.03-08.05.52:667][  0]LogConfig: Setting CVar [[gc.MinGCClusterSize:5]]
[2019.04.03-08.05.52:667][  0]LogConfig: Setting CVar [[gc.ActorClusteringEnabled:0]]
[2019.04.03-08.05.52:667][  0]LogConfig: Setting CVar [[gc.BlueprintClusteringEnabled:0]]
[2019.04.03-08.05.52:667][  0]LogConfig: Setting CVar [[gc.UseDisregardForGCOnDedicatedServers:0]]
[2019.04.03-08.05.52:667][  0]LogConfig: Applying CVar settings from Section [/Script/Engine.NetworkSettings] File [C:/Users/Ryan Skull/Documents/Unreal Projects/ThirdPerson/Saved/Config/Windows/Engine.ini]
[2019.04.03-08.05.52:667][  0]LogConfig: Applying CVar settings from Section [/Script/UnrealEd.CookerSettings] File [C:/Users/Ryan Skull/Documents/Unreal Projects/ThirdPerson/Saved/Config/Windows/Engine.ini]
[2019.04.03-08.05.52:700][  0]LogConfig: Applying CVar settings from Section [ViewDistanceQuality@3] File [C:/Users/Ryan Skull/Documents/Unreal Projects/ThirdPerson/Saved/Config/Windows/Scalability.ini]
[2019.04.03-08.05.52:700][  0]LogConfig: Setting CVar [[r.SkeletalMeshLODBias:0]]
[2019.04.03-08.05.52:700][  0]LogConfig: Setting CVar [[r.ViewDistanceScale:1.0]]
[2019.04.03-08.05.52:700][  0]LogConfig: Applying CVar settings from Section [AntiAliasingQuality@3] File [C:/Users/Ryan Skull/Documents/Unreal Projects/ThirdPerson/Saved/Config/Windows/Scalability.ini]
[2019.04.03-08.05.52:700][  0]LogConfig: Setting CVar [[r.PostProcessAAQuality:4]]
[2019.04.03-08.05.52:700][  0]LogConfig: Applying CVar settings from Section [ShadowQuality@3] File [C:/Users/Ryan Skull/Documents/Unreal Projects/ThirdPerson/Saved/Config/Windows/Scalability.ini]
[2019.04.03-08.05.52:700][  0]LogConfig: Setting CVar [[r.LightFunctionQuality:1]]
[2019.04.03-08.05.52:700][  0]LogConfig: Setting CVar [[r.ShadowQuality:5]]
[2019.04.03-08.05.52:700][  0]LogConfig: Setting CVar [[r.Shadow.CSM.MaxCascades:10]]
[2019.04.03-08.05.52:700][  0]LogConfig: Setting CVar [[r.Shadow.MaxResolution:2048]]
[2019.04.03-08.05.52:700][  0]LogConfig: Setting CVar [[r.Shadow.MaxCSMResolution:2048]]
[2019.04.03-08.05.52:700][  0]LogConfig: Setting CVar [[r.Shadow.RadiusThreshold:0.01]]
[2019.04.03-08.05.52:700][  0]LogConfig: Setting CVar [[r.Shadow.DistanceScale:1.0]]
[2019.04.03-08.05.52:700][  0]LogConfig: Setting CVar [[r.Shadow.CSM.TransitionScale:1.0]]
[2019.04.03-08.05.52:700][  0]LogConfig: Setting CVar [[r.Shadow.PreShadowResolutionFactor:1.0]]
[2019.04.03-08.05.52:700][  0]LogConfig: Setting CVar [[r.DistanceFieldShadowing:1]]
[2019.04.03-08.05.52:701][  0]LogConfig: Setting CVar [[r.DistanceFieldAO:1]]
[2019.04.03-08.05.52:701][  0]LogConfig: Setting CVar [[r.AOQuality:2]]
[2019.04.03-08.05.52:701][  0]LogConfig: Setting CVar [[r.VolumetricFog:1]]
[2019.04.03-08.05.52:701][  0]LogConfig: Setting CVar [[r.VolumetricFog.GridPixelSize:8]]
[2019.04.03-08.05.52:701][  0]LogConfig: Setting CVar [[r.VolumetricFog.GridSizeZ:128]]
[2019.04.03-08.05.52:701][  0]LogConfig: Setting CVar [[r.VolumetricFog.HistoryMissSupersampleCount:4]]
[2019.04.03-08.05.52:701][  0]LogConfig: Setting CVar [[r.LightMaxDrawDistanceScale:1]]
[2019.04.03-08.05.52:701][  0]LogConfig: Setting CVar [[r.CapsuleShadows:1]]
[2019.04.03-08.05.52:701][  0]LogConfig: Applying CVar settings from Section [PostProcessQuality@3] File [C:/Users/Ryan Skull/Documents/Unreal Projects/ThirdPerson/Saved/Config/Windows/Scalability.ini]
[2019.04.03-08.05.52:701][  0]LogConfig: Setting CVar [[r.MotionBlurQuality:4]]
[2019.04.03-08.05.52:701][  0]LogConfig: Setting CVar [[r.AmbientOcclusionMipLevelFactor:0.4]]
[2019.04.03-08.05.52:701][  0]LogConfig: Setting CVar [[r.AmbientOcclusionMaxQuality:100]]
[2019.04.03-08.05.52:701][  0]LogConfig: Setting CVar [[r.AmbientOcclusionLevels:-1]]
[2019.04.03-08.05.52:701][  0]LogConfig: Setting CVar [[r.AmbientOcclusionRadiusScale:1.0]]
[2019.04.03-08.05.52:701][  0]LogConfig: Setting CVar [[r.DepthOfFieldQuality:2]]
[2019.04.03-08.05.52:701][  0]LogConfig: Setting CVar [[r.RenderTargetPoolMin:400]]
[2019.04.03-08.05.52:701][  0]LogConfig: Setting CVar [[r.LensFlareQuality:2]]
[2019.04.03-08.05.52:701][  0]LogConfig: Setting CVar [[r.SceneColorFringeQuality:1]]
[2019.04.03-08.05.52:701][  0]LogConfig: Setting CVar [[r.EyeAdaptationQuality:2]]
[2019.04.03-08.05.52:701][  0]LogConfig: Setting CVar [[r.BloomQuality:5]]
[2019.04.03-08.05.52:701][  0]LogConfig: Setting CVar [[r.FastBlurThreshold:100]]
[2019.04.03-08.05.52:701][  0]LogConfig: Setting CVar [[r.Upscale.Quality:3]]
[2019.04.03-08.05.52:701][  0]LogConfig: Setting CVar [[r.Tonemapper.GrainQuantization:1]]
[2019.04.03-08.05.52:701][  0]LogConfig: Setting CVar [[r.LightShaftQuality:1]]
[2019.04.03-08.05.52:701][  0]LogConfig: Setting CVar [[r.Filter.SizeScale:1]]
[2019.04.03-08.05.52:701][  0]LogConfig: Setting CVar [[r.Tonemapper.Quality:5]]
[2019.04.03-08.05.52:701][  0]LogConfig: Setting CVar [[r.DOF.Gather.AccumulatorQuality:1        ; higher gathering accumulator quality]]
[2019.04.03-08.05.52:701][  0]LogConfig: Setting CVar [[r.DOF.Gather.PostfilterMethod:1          ; Median3x3 postfilering method]]
[2019.04.03-08.05.52:701][  0]LogConfig: Setting CVar [[r.DOF.Gather.EnableBokehSettings:0       ; no bokeh simulation when gathering]]
[2019.04.03-08.05.52:701][  0]LogConfig: Setting CVar [[r.DOF.Gather.RingCount:4                 ; medium number of samples when gathering]]
[2019.04.03-08.05.52:701][  0]LogConfig: Setting CVar [[r.DOF.Scatter.ForegroundCompositing:1    ; additive foreground scattering]]
[2019.04.03-08.05.52:701][  0]LogConfig: Setting CVar [[r.DOF.Scatter.BackgroundCompositing:2    ; additive background scattering]]
[2019.04.03-08.05.52:701][  0]LogConfig: Setting CVar [[r.DOF.Scatter.EnableBokehSettings:1      ; bokeh simulation when scattering]]
[2019.04.03-08.05.52:701][  0]LogConfig: Setting CVar [[r.DOF.Scatter.MaxSpriteRatio:0.1         ; only a maximum of 10% of scattered bokeh]]
[2019.04.03-08.05.52:701][  0]LogConfig: Setting CVar [[r.DOF.Recombine.Quality:1                ; cheap slight out of focus]]
[2019.04.03-08.05.52:701][  0]LogConfig: Setting CVar [[r.DOF.Recombine.EnableBokehSettings:0    ; no bokeh simulation on slight out of focus]]
[2019.04.03-08.05.52:701][  0]LogConfig: Setting CVar [[r.DOF.TemporalAAQuality:1                ; more stable temporal accumulation]]
[2019.04.03-08.05.52:701][  0]LogConfig: Setting CVar [[r.DOF.Kernel.MaxForegroundRadius:0.025]]
[2019.04.03-08.05.52:701][  0]LogConfig: Setting CVar [[r.DOF.Kernel.MaxBackgroundRadius:0.025]]
[2019.04.03-08.05.52:701][  0]LogConfig: Applying CVar settings from Section [TextureQuality@3] File [C:/Users/Ryan Skull/Documents/Unreal Projects/ThirdPerson/Saved/Config/Windows/Scalability.ini]
[2019.04.03-08.05.52:701][  0]LogConfig: Setting CVar [[r.Streaming.MipBias:0]]
[2019.04.03-08.05.52:701][  0]LogConfig: Setting CVar [[r.Streaming.AmortizeCPUToGPUCopy:0]]
[2019.04.03-08.05.52:701][  0]LogConfig: Setting CVar [[r.Streaming.MaxNumTexturesToStreamPerFrame:0]]
[2019.04.03-08.05.52:701][  0]LogConfig: Setting CVar [[r.Streaming.Boost:1]]
[2019.04.03-08.05.52:701][  0]LogConfig: Setting CVar [[r.MaxAnisotropy:8]]
[2019.04.03-08.05.52:701][  0]LogConfig: Setting CVar [[r.Streaming.LimitPoolSizeToVRAM:0]]
[2019.04.03-08.05.52:701][  0]LogConfig: Setting CVar [[r.Streaming.PoolSize:1000]]
[2019.04.03-08.05.52:701][  0]LogConfig: Setting CVar [[r.Streaming.MaxEffectiveScreenSize:0]]
[2019.04.03-08.05.52:701][  0]LogConfig: Applying CVar settings from Section [EffectsQuality@3] File [C:/Users/Ryan Skull/Documents/Unreal Projects/ThirdPerson/Saved/Config/Windows/Scalability.ini]
[2019.04.03-08.05.52:701][  0]LogConfig: Setting CVar [[r.TranslucencyLightingVolumeDim:64]]
[2019.04.03-08.05.52:701][  0]LogConfig: Setting CVar [[r.RefractionQuality:2]]
[2019.04.03-08.05.52:701][  0]LogConfig: Setting CVar [[r.SSR.Quality:3]]
[2019.04.03-08.05.52:701][  0]LogConfig: Setting CVar [[r.SceneColorFormat:4]]
[2019.04.03-08.05.52:701][  0]LogConfig: Setting CVar [[r.DetailMode:2]]
[2019.04.03-08.05.52:701][  0]LogConfig: Setting CVar [[r.TranslucencyVolumeBlur:1]]
[2019.04.03-08.05.52:701][  0]LogConfig: Setting CVar [[r.MaterialQualityLevel:1 ; High quality]]
[2019.04.03-08.05.52:701][  0]LogConfig: Setting CVar [[r.SSS.Scale:1]]
[2019.04.03-08.05.52:701][  0]LogConfig: Setting CVar [[r.SSS.SampleSet:2]]
[2019.04.03-08.05.52:701][  0]LogConfig: Setting CVar [[r.SSS.Quality:1]]
[2019.04.03-08.05.52:701][  0]LogConfig: Setting CVar [[r.SSS.HalfRes:1]]
[2019.04.03-08.05.52:701][  0]LogConfig: Setting CVar [[r.EmitterSpawnRateScale:1.0]]
[2019.04.03-08.05.52:701][  0]LogConfig: Setting CVar [[r.ParticleLightQuality:2]]
[2019.04.03-08.05.52:701][  0]LogConfig: Applying CVar settings from Section [FoliageQuality@3] File [C:/Users/Ryan Skull/Documents/Unreal Projects/ThirdPerson/Saved/Config/Windows/Scalability.ini]
[2019.04.03-08.05.52:701][  0]LogConfig: Setting CVar [[foliage.DensityScale:1.0]]
[2019.04.03-08.05.52:702][  0]LogConfig: Setting CVar [[grass.DensityScale:1.0]]
[2019.04.03-08.05.52:702][  0]LogInit: Selected Device Profile: [Windows]
[2019.04.03-08.05.52:702][  0]LogInit: Applying CVar settings loaded from the selected device profile: [Windows]
[2019.04.03-08.05.52:724][  0]LogHAL: Display: Platform has ~ 16 GB [17128886272 / 17179869184 / 16], which maps to Larger [LargestMinGB=32, LargerMinGB=12, DefaultMinGB=8, SmallerMinGB=6, SmallestMinGB=0)
[2019.04.03-08.05.52:724][  0]LogConfig: Setting CVar [[r.Vulkan.UseRealUBs:1]]
[2019.04.03-08.05.52:724][  0]LogInit: Going up to parent DeviceProfile []
[2019.04.03-08.05.52:724][  0]LogConfig: Applying CVar settings from Section [ViewDistanceQuality@3] File [C:/Users/Ryan Skull/Documents/Unreal Projects/ThirdPerson/Saved/Config/Windows/Scalability.ini]
[2019.04.03-08.05.52:724][  0]LogConfig: Setting CVar [[r.SkeletalMeshLODBias:0]]
[2019.04.03-08.05.52:724][  0]LogConfig: Setting CVar [[r.ViewDistanceScale:1.0]]
[2019.04.03-08.05.52:724][  0]LogConfig: Applying CVar settings from Section [AntiAliasingQuality@3] File [C:/Users/Ryan Skull/Documents/Unreal Projects/ThirdPerson/Saved/Config/Windows/Scalability.ini]
[2019.04.03-08.05.52:724][  0]LogConfig: Setting CVar [[r.PostProcessAAQuality:4]]
[2019.04.03-08.05.52:724][  0]LogConfig: Applying CVar settings from Section [ShadowQuality@3] File [C:/Users/Ryan Skull/Documents/Unreal Projects/ThirdPerson/Saved/Config/Windows/Scalability.ini]
[2019.04.03-08.05.52:724][  0]LogConfig: Setting CVar [[r.LightFunctionQuality:1]]
[2019.04.03-08.05.52:724][  0]LogConfig: Setting CVar [[r.ShadowQuality:5]]
[2019.04.03-08.05.52:724][  0]LogConfig: Setting CVar [[r.Shadow.CSM.MaxCascades:10]]
[2019.04.03-08.05.52:724][  0]LogConfig: Setting CVar [[r.Shadow.MaxResolution:2048]]
[2019.04.03-08.05.52:724][  0]LogConfig: Setting CVar [[r.Shadow.MaxCSMResolution:2048]]
[2019.04.03-08.05.52:724][  0]LogConfig: Setting CVar [[r.Shadow.RadiusThreshold:0.01]]
[2019.04.03-08.05.52:724][  0]LogConfig: Setting CVar [[r.Shadow.DistanceScale:1.0]]
[2019.04.03-08.05.52:724][  0]LogConfig: Setting CVar [[r.Shadow.CSM.TransitionScale:1.0]]
[2019.04.03-08.05.52:724][  0]LogConfig: Setting CVar [[r.Shadow.PreShadowResolutionFactor:1.0]]
[2019.04.03-08.05.52:724][  0]LogConfig: Setting CVar [[r.DistanceFieldShadowing:1]]
[2019.04.03-08.05.52:724][  0]LogConfig: Setting CVar [[r.DistanceFieldAO:1]]
[2019.04.03-08.05.52:724][  0]LogConfig: Setting CVar [[r.AOQuality:2]]
[2019.04.03-08.05.52:724][  0]LogConfig: Setting CVar [[r.VolumetricFog:1]]
[2019.04.03-08.05.52:724][  0]LogConfig: Setting CVar [[r.VolumetricFog.GridPixelSize:8]]
[2019.04.03-08.05.52:724][  0]LogConfig: Setting CVar [[r.VolumetricFog.GridSizeZ:128]]
[2019.04.03-08.05.52:724][  0]LogConfig: Setting CVar [[r.VolumetricFog.HistoryMissSupersampleCount:4]]
[2019.04.03-08.05.52:724][  0]LogConfig: Setting CVar [[r.LightMaxDrawDistanceScale:1]]
[2019.04.03-08.05.52:724][  0]LogConfig: Setting CVar [[r.CapsuleShadows:1]]
[2019.04.03-08.05.52:724][  0]LogConfig: Applying CVar settings from Section [PostProcessQuality@3] File [C:/Users/Ryan Skull/Documents/Unreal Projects/ThirdPerson/Saved/Config/Windows/Scalability.ini]
[2019.04.03-08.05.52:724][  0]LogConfig: Setting CVar [[r.MotionBlurQuality:4]]
[2019.04.03-08.05.52:724][  0]LogConfig: Setting CVar [[r.AmbientOcclusionMipLevelFactor:0.4]]
[2019.04.03-08.05.52:724][  0]LogConfig: Setting CVar [[r.AmbientOcclusionMaxQuality:100]]
[2019.04.03-08.05.52:724][  0]LogConfig: Setting CVar [[r.AmbientOcclusionLevels:-1]]
[2019.04.03-08.05.52:724][  0]LogConfig: Setting CVar [[r.AmbientOcclusionRadiusScale:1.0]]
[2019.04.03-08.05.52:724][  0]LogConfig: Setting CVar [[r.DepthOfFieldQuality:2]]
[2019.04.03-08.05.52:724][  0]LogConfig: Setting CVar [[r.RenderTargetPoolMin:400]]
[2019.04.03-08.05.52:724][  0]LogConfig: Setting CVar [[r.LensFlareQuality:2]]
[2019.04.03-08.05.52:724][  0]LogConfig: Setting CVar [[r.SceneColorFringeQuality:1]]
[2019.04.03-08.05.52:724][  0]LogConfig: Setting CVar [[r.EyeAdaptationQuality:2]]
[2019.04.03-08.05.52:724][  0]LogConfig: Setting CVar [[r.BloomQuality:5]]
[2019.04.03-08.05.52:724][  0]LogConfig: Setting CVar [[r.FastBlurThreshold:100]]
[2019.04.03-08.05.52:724][  0]LogConfig: Setting CVar [[r.Upscale.Quality:3]]
[2019.04.03-08.05.52:724][  0]LogConfig: Setting CVar [[r.Tonemapper.GrainQuantization:1]]
[2019.04.03-08.05.52:724][  0]LogConfig: Setting CVar [[r.LightShaftQuality:1]]
[2019.04.03-08.05.52:724][  0]LogConfig: Setting CVar [[r.Filter.SizeScale:1]]
[2019.04.03-08.05.52:724][  0]LogConfig: Setting CVar [[r.Tonemapper.Quality:5]]
[2019.04.03-08.05.52:724][  0]LogConfig: Setting CVar [[r.DOF.Gather.AccumulatorQuality:1        ; higher gathering accumulator quality]]
[2019.04.03-08.05.52:724][  0]LogConfig: Setting CVar [[r.DOF.Gather.PostfilterMethod:1          ; Median3x3 postfilering method]]
[2019.04.03-08.05.52:725][  0]LogConfig: Setting CVar [[r.DOF.Gather.EnableBokehSettings:0       ; no bokeh simulation when gathering]]
[2019.04.03-08.05.52:725][  0]LogConfig: Setting CVar [[r.DOF.Gather.RingCount:4                 ; medium number of samples when gathering]]
[2019.04.03-08.05.52:725][  0]LogConfig: Setting CVar [[r.DOF.Scatter.ForegroundCompositing:1    ; additive foreground scattering]]
[2019.04.03-08.05.52:725][  0]LogConfig: Setting CVar [[r.DOF.Scatter.BackgroundCompositing:2    ; additive background scattering]]
[2019.04.03-08.05.52:725][  0]LogConfig: Setting CVar [[r.DOF.Scatter.EnableBokehSettings:1      ; bokeh simulation when scattering]]
[2019.04.03-08.05.52:725][  0]LogConfig: Setting CVar [[r.DOF.Scatter.MaxSpriteRatio:0.1         ; only a maximum of 10% of scattered bokeh]]
[2019.04.03-08.05.52:725][  0]LogConfig: Setting CVar [[r.DOF.Recombine.Quality:1                ; cheap slight out of focus]]
[2019.04.03-08.05.52:725][  0]LogConfig: Setting CVar [[r.DOF.Recombine.EnableBokehSettings:0    ; no bokeh simulation on slight out of focus]]
[2019.04.03-08.05.52:725][  0]LogConfig: Setting CVar [[r.DOF.TemporalAAQuality:1                ; more stable temporal accumulation]]
[2019.04.03-08.05.52:725][  0]LogConfig: Setting CVar [[r.DOF.Kernel.MaxForegroundRadius:0.025]]
[2019.04.03-08.05.52:725][  0]LogConfig: Setting CVar [[r.DOF.Kernel.MaxBackgroundRadius:0.025]]
[2019.04.03-08.05.52:725][  0]LogConfig: Applying CVar settings from Section [TextureQuality@3] File [C:/Users/Ryan Skull/Documents/Unreal Projects/ThirdPerson/Saved/Config/Windows/Scalability.ini]
[2019.04.03-08.05.52:725][  0]LogConfig: Setting CVar [[r.Streaming.MipBias:0]]
[2019.04.03-08.05.52:725][  0]LogConfig: Setting CVar [[r.Streaming.AmortizeCPUToGPUCopy:0]]
[2019.04.03-08.05.52:725][  0]LogConfig: Setting CVar [[r.Streaming.MaxNumTexturesToStreamPerFrame:0]]
[2019.04.03-08.05.52:725][  0]LogConfig: Setting CVar [[r.Streaming.Boost:1]]
[2019.04.03-08.05.52:725][  0]LogConfig: Setting CVar [[r.MaxAnisotropy:8]]
[2019.04.03-08.05.52:725][  0]LogConfig: Setting CVar [[r.Streaming.LimitPoolSizeToVRAM:0]]
[2019.04.03-08.05.52:725][  0]LogConfig: Setting CVar [[r.Streaming.PoolSize:1000]]
[2019.04.03-08.05.52:725][  0]LogConfig: Setting CVar [[r.Streaming.MaxEffectiveScreenSize:0]]
[2019.04.03-08.05.52:725][  0]LogConfig: Applying CVar settings from Section [EffectsQuality@3] File [C:/Users/Ryan Skull/Documents/Unreal Projects/ThirdPerson/Saved/Config/Windows/Scalability.ini]
[2019.04.03-08.05.52:725][  0]LogConfig: Setting CVar [[r.TranslucencyLightingVolumeDim:64]]
[2019.04.03-08.05.52:725][  0]LogConfig: Setting CVar [[r.RefractionQuality:2]]
[2019.04.03-08.05.52:725][  0]LogConfig: Setting CVar [[r.SSR.Quality:3]]
[2019.04.03-08.05.52:725][  0]LogConfig: Setting CVar [[r.SceneColorFormat:4]]
[2019.04.03-08.05.52:725][  0]LogConfig: Setting CVar [[r.DetailMode:2]]
[2019.04.03-08.05.52:725][  0]LogConfig: Setting CVar [[r.TranslucencyVolumeBlur:1]]
[2019.04.03-08.05.52:725][  0]LogConfig: Setting CVar [[r.MaterialQualityLevel:1 ; High quality]]
[2019.04.03-08.05.52:725][  0]LogConfig: Setting CVar [[r.SSS.Scale:1]]
[2019.04.03-08.05.52:725][  0]LogConfig: Setting CVar [[r.SSS.SampleSet:2]]
[2019.04.03-08.05.52:725][  0]LogConfig: Setting CVar [[r.SSS.Quality:1]]
[2019.04.03-08.05.52:725][  0]LogConfig: Setting CVar [[r.SSS.HalfRes:1]]
[2019.04.03-08.05.52:725][  0]LogConfig: Setting CVar [[r.EmitterSpawnRateScale:1.0]]
[2019.04.03-08.05.52:725][  0]LogConfig: Setting CVar [[r.ParticleLightQuality:2]]
[2019.04.03-08.05.52:725][  0]LogConfig: Applying CVar settings from Section [FoliageQuality@3] File [C:/Users/Ryan Skull/Documents/Unreal Projects/ThirdPerson/Saved/Config/Windows/Scalability.ini]
[2019.04.03-08.05.52:725][  0]LogConfig: Setting CVar [[foliage.DensityScale:1.0]]
[2019.04.03-08.05.52:725][  0]LogConfig: Setting CVar [[grass.DensityScale:1.0]]
[2019.04.03-08.05.52:725][  0]LogConfig: Applying CVar settings from Section [Startup] File [../../../Engine/Config/ConsoleVariables.ini]
[2019.04.03-08.05.52:725][  0]LogConfig: Setting CVar [[net.UseAdaptiveNetUpdateFrequency:0]]
[2019.04.03-08.05.52:725][  0]LogConfig: Applying CVar settings from Section [ConsoleVariables] File [C:/Users/Ryan Skull/Documents/Unreal Projects/ThirdPerson/Saved/Config/Windows/Engine.ini]
[2019.04.03-08.05.52:726][  0]LogInit: Computer: DESKTOP-EERCIK9
[2019.04.03-08.05.52:726][  0]LogInit: User: RyanSkull
[2019.04.03-08.05.52:726][  0]LogInit: CPU Page size=4096, Cores=6
[2019.04.03-08.05.52:726][  0]LogInit: High frequency timer resolution =3.119144 MHz
[2019.04.03-08.05.52:726][  0]LogMemory: Memory total: Physical=16.0GB (16GB approx)
[2019.04.03-08.05.52:726][  0]LogMemory: Platform Memory Stats for Windows
[2019.04.03-08.05.52:726][  0]LogMemory: Process Physical Memory: 104.25 MB used, 104.25 MB peak
[2019.04.03-08.05.52:726][  0]LogMemory: Process Virtual Memory: 94.55 MB used, 94.55 MB peak
[2019.04.03-08.05.52:726][  0]LogMemory: Physical Memory: 6396.32 MB used,  9939.06 MB free, 16335.38 MB total
[2019.04.03-08.05.52:726][  0]LogMemory: Virtual Memory: 4668.15 MB used,  134213056.00 MB free, 134217728.00 MB total
[2019.04.03-08.05.52:741][  0]LogInit: Using OS detected language (en-GB).
[2019.04.03-08.05.52:741][  0]LogInit: Using OS detected locale (en-GB).
[2019.04.03-08.05.52:742][  0]LogTextLocalizationManager: No specific localization for 'en-GB' exists, so the 'en' localization will be used.
[2019.04.03-08.05.53:197][  0]LogStreaming: Display: Took  0.455s to InitEngineTextLocalization.
[2019.04.03-08.05.53:198][  0]LogInit: Setting process to per monitor DPI aware
[2019.04.03-08.05.53:256][  0]LogSlate: New Slate User Created.  User Index 0, Is Virtual User: 0
[2019.04.03-08.05.53:256][  0]LogSlate: Slate User Registered.  User Index 0, Is Virtual User: 0
[2019.04.03-08.05.53:496][  0]LogHMD: Failed to initialize OpenVR with code 110
[2019.04.03-08.05.53:496][  0]LogD3D11RHI: D3D11 adapters:
[2019.04.03-08.05.53:529][  0]LogD3D11RHI:    0. 'Radeon (TM) RX 480 Graphics' (Feature Level 11_0)
[2019.04.03-08.05.53:529][  0]LogD3D11RHI:       8137/0/8167 MB DedicatedVideo/DedicatedSystem/SharedSystem, Outputs:2, VendorId:0x1002
[2019.04.03-08.05.53:531][  0]LogD3D11RHI:    1. 'Microsoft Basic Render Driver' (Feature Level 11_0)
[2019.04.03-08.05.53:531][  0]LogD3D11RHI:       0/0/8167 MB DedicatedVideo/DedicatedSystem/SharedSystem, Outputs:0, VendorId:0x1414
[2019.04.03-08.05.53:531][  0]LogD3D11RHI: Chosen D3D11 Adapter: 0
[2019.04.03-08.05.53:540][  0]LogD3D11RHI: Creating new Direct3DDevice
[2019.04.03-08.05.53:540][  0]LogD3D11RHI:     GPU DeviceId: 0x67df (for the marketing name, search the web for "GPU Device Id")
[2019.04.03-08.05.53:540][  0]LogWindows: EnumDisplayDevices:
[2019.04.03-08.05.53:540][  0]LogWindows:    0. 'Radeon (TM) RX 480 Graphics' (P:1 D:1)
[2019.04.03-08.05.53:541][  0]LogWindows:    1. 'Radeon (TM) RX 480 Graphics' (P:0 D:1)
[2019.04.03-08.05.53:541][  0]LogWindows:    2. 'Radeon (TM) RX 480 Graphics' (P:0 D:0)
[2019.04.03-08.05.53:541][  0]LogWindows:    3. 'Radeon (TM) RX 480 Graphics' (P:0 D:0)
[2019.04.03-08.05.53:542][  0]LogWindows:    4. 'Radeon (TM) RX 480 Graphics' (P:0 D:0)
[2019.04.03-08.05.53:542][  0]LogWindows:    5. 'Radeon (TM) RX 480 Graphics' (P:0 D:0)
[2019.04.03-08.05.53:542][  0]LogWindows:    6. 'Radeon (TM) RX 480 Graphics' (P:0 D:0)
[2019.04.03-08.05.53:542][  0]LogWindows:    7. 'Radeon (TM) RX 480 Graphics' (P:0 D:0)
[2019.04.03-08.05.53:543][  0]LogWindows:    8. 'Radeon (TM) RX 480 Graphics' (P:0 D:0)
[2019.04.03-08.05.53:543][  0]LogWindows:    9. 'Radeon (TM) RX 480 Graphics' (P:0 D:0)
[2019.04.03-08.05.53:543][  0]LogWindows:    10. 'Radeon (TM) RX 480 Graphics' (P:0 D:0)
[2019.04.03-08.05.53:543][  0]LogWindows:    11. 'Radeon (TM) RX 480 Graphics' (P:0 D:0)
[2019.04.03-08.05.53:544][  0]LogWindows:    12. 'Radeon (TM) RX 480 Graphics' (P:0 D:0)
[2019.04.03-08.05.53:544][  0]LogWindows:    13. 'Radeon (TM) RX 480 Graphics' (P:0 D:0)
[2019.04.03-08.05.53:544][  0]LogWindows:    14. 'Radeon (TM) RX 480 Graphics' (P:0 D:0)
[2019.04.03-08.05.53:544][  0]LogWindows:    15. 'Radeon (TM) RX 480 Graphics' (P:0 D:0)
[2019.04.03-08.05.53:544][  0]LogWindows: DebugString: FoundDriverCount:16 
[2019.04.03-08.05.53:544][  0]LogD3D11RHI:     Adapter Name: Radeon (TM) RX 480 Graphics
[2019.04.03-08.05.53:544][  0]LogD3D11RHI:   Driver Version: Adrenalin 18.11.1 (internal:25.20.14011.1003, unified:25.20.14011.1003)
[2019.04.03-08.05.53:545][  0]LogD3D11RHI:      Driver Date: 11-7-2018
[2019.04.03-08.05.53:545][  0]LogRHI: Texture pool is 5695 MB (70% of 8137 MB)
[2019.04.03-08.05.53:794][  0]LogD3D11RHI: Async texture creation enabled
[2019.04.03-08.05.53:810][  0]LogD3D11RHI: GPU Timing Frequency: 25.000000 (Debug: 2 1)
[2019.04.03-08.05.54:306][  0]LogTemp: Display: Loaded TP AllDesktopTargetPlatform
[2019.04.03-08.05.54:328][  0]LogTemp: Display: Loaded TP MacClientTargetPlatform
[2019.04.03-08.05.54:354][  0]LogTemp: Display: Loaded TP MacNoEditorTargetPlatform
[2019.04.03-08.05.54:377][  0]LogTemp: Display: Loaded TP MacServerTargetPlatform
[2019.04.03-08.05.54:397][  0]LogTemp: Display: Loaded TP MacTargetPlatform
[2019.04.03-08.05.54:423][  0]LogTemp: Display: Loaded TP WindowsClientTargetPlatform
[2019.04.03-08.05.54:442][  0]LogTemp: Display: Loaded TP WindowsNoEditorTargetPlatform
[2019.04.03-08.05.54:465][  0]LogTemp: Display: Loaded TP WindowsServerTargetPlatform
[2019.04.03-08.05.54:477][  0]LogTemp: Display: Loaded TP WindowsTargetPlatform
[2019.04.03-08.05.54:629][  0]LogTemp: Display: Loaded TP AndroidTargetPlatform
[2019.04.03-08.05.54:629][  0]LogTemp: Display: Loaded TP AndroidTargetPlatform
[2019.04.03-08.05.54:630][  0]LogTemp: Display: Loaded TP AndroidTargetPlatform
[2019.04.03-08.05.54:630][  0]LogTemp: Display: Loaded TP AndroidTargetPlatform
[2019.04.03-08.05.54:630][  0]LogTemp: Display: Loaded TP AndroidTargetPlatform
[2019.04.03-08.05.54:630][  0]LogTemp: Display: Loaded TP AndroidTargetPlatform
[2019.04.03-08.05.54:630][  0]LogTemp: Display: Loaded TP AndroidTargetPlatform
[2019.04.03-08.05.54:630][  0]LogTemp: Display: Loaded TP AndroidTargetPlatform
[2019.04.03-08.05.54:630][  0]LogTemp: Display: Loaded TP AndroidTargetPlatform
[2019.04.03-08.05.54:630][  0]LogTemp: Display: Loaded TP AndroidTargetPlatform
[2019.04.03-08.05.54:630][  0]LogTemp: Display: Loaded TP AndroidTargetPlatform
[2019.04.03-08.05.54:630][  0]LogTemp: Display: Loaded TP AndroidTargetPlatform
[2019.04.03-08.05.54:630][  0]LogTemp: Display: Loaded TP AndroidTargetPlatform
[2019.04.03-08.05.54:630][  0]LogTemp: Display: Loaded TP AndroidTargetPlatform
[2019.04.03-08.05.54:630][  0]LogTemp: Display: Loaded TP AndroidTargetPlatform
[2019.04.03-08.05.54:630][  0]LogTemp: Display: Loaded TP AndroidTargetPlatform
[2019.04.03-08.05.54:630][  0]LogTemp: Display: Loaded TP AndroidTargetPlatform
[2019.04.03-08.05.54:630][  0]LogTemp: Display: Loaded TP AndroidTargetPlatform
[2019.04.03-08.05.54:633][  0]LogTemp: Display: Loaded TP HTML5TargetPlatform
[2019.04.03-08.05.54:725][  0]LogTemp: Display: Loaded TP IOSTargetPlatform
[2019.04.03-08.05.54:725][  0]LogTemp: Display: Loaded TP IOSTargetPlatform
[2019.04.03-08.05.54:790][  0]LogTemp: Display: Loaded TP TVOSTargetPlatform
[2019.04.03-08.05.54:790][  0]LogTemp: Display: Loaded TP TVOSTargetPlatform
[2019.04.03-08.05.54:825][  0]LogTemp: Display: Loaded TP LinuxClientTargetPlatform
[2019.04.03-08.05.54:859][  0]LogTemp: Display: Loaded TP LinuxNoEditorTargetPlatform
[2019.04.03-08.05.54:892][  0]LogTemp: Display: Loaded TP LinuxServerTargetPlatform
[2019.04.03-08.05.54:926][  0]LogTemp: Display: Loaded TP LinuxTargetPlatform
[2019.04.03-08.05.55:049][  0]LogTemp: Display: Loaded TP LuminTargetPlatform
[2019.04.03-08.05.55:049][  0]LogTemp: Display: Loaded TP LuminTargetPlatform
[2019.04.03-08.05.55:049][  0]LogTargetPlatformManager: Display: Building Assets For Windows
[2019.04.03-08.05.55:173][  0]LogShaderCompilers: Guid format shader working directory is -21 characters bigger than the processId version (../../../../../../Users/Ryan Skull/Documents/Unreal Projects/ThirdPerson/Intermediate/Shaders/WorkingDirectory/9880/).
[2019.04.03-08.05.55:173][  0]LogShaderCompilers: Cleaned the shader compiler working directory 'C:/Users/Ryan Skull/AppData/Local/Temp/UnrealShaderWorkingDir/3E0D3BCB4D18C45D4B56C68B9960735D/'.
[2019.04.03-08.05.55:178][  0]LogXGEController: Cannot use XGE Controller as Incredibuild is not installed on this machine.
[2019.04.03-08.05.55:178][  0]LogShaderCompilers: Cannot use XGE Shader Compiler as Incredibuild is not installed on this machine.
[2019.04.03-08.05.55:178][  0]LogShaderCompilers: Display: Using Local Shader Compiler.
[2019.04.03-08.05.56:440][  0]LogDerivedDataCache: Display: Max Cache Size: 512 MB
[2019.04.03-08.05.56:522][  0]LogDerivedDataCache: Loaded boot cache 0.08s 71MB C:/Users/Ryan Skull/AppData/Local/UnrealEngine/4.21/DerivedDataCache/Boot.ddc.
[2019.04.03-08.05.56:522][  0]LogDerivedDataCache: Display: Loaded Boot cache: C:/Users/Ryan Skull/AppData/Local/UnrealEngine/4.21/DerivedDataCache/Boot.ddc
[2019.04.03-08.05.56:522][  0]LogDerivedDataCache: FDerivedDataBackendGraph:  Pak pak cache file ../../../../../../Users/Ryan Skull/Documents/Unreal Projects/ThirdPerson/DerivedDataCache/DDC.ddp not found, will not use a pak cache.
[2019.04.03-08.05.56:522][  0]LogDerivedDataCache: Unable to find inner node Pak for hierarchical cache Hierarchy.
[2019.04.03-08.05.56:522][  0]LogDerivedDataCache: FDerivedDataBackendGraph:  CompressedPak pak cache file ../../../../../../Users/Ryan Skull/Documents/Unreal Projects/ThirdPerson/DerivedDataCache/Compressed.ddp not found, will not use a pak cache.
[2019.04.03-08.05.56:522][  0]LogDerivedDataCache: Unable to find inner node CompressedPak for hierarchical cache Hierarchy.
[2019.04.03-08.05.56:566][  0]LogDerivedDataCache: Display: Pak cache opened for reading ../../../Engine/DerivedDataCache/Compressed.ddp.
[2019.04.03-08.05.56:566][  0]LogDerivedDataCache: FDerivedDataBackendGraph:  EnterprisePak pak cache file ../../../Enterprise/DerivedDataCache/Compressed.ddp not found, will not use a pak cache.
[2019.04.03-08.05.56:566][  0]LogDerivedDataCache: Unable to find inner node EnterprisePak for hierarchical cache Hierarchy.
[2019.04.03-08.05.56:579][  0]LogDerivedDataCache: Using Local data cache path C:/Users/Ryan Skull/AppData/Local/UnrealEngine/Common/DerivedDataCache: Writable
[2019.04.03-08.05.56:579][  0]LogDerivedDataCache: Shared data cache path not found in *engine.ini, will not use an Shared cache.
[2019.04.03-08.05.56:579][  0]LogDerivedDataCache: Unable to find inner node Shared for hierarchical cache Hierarchy.
[2019.04.03-08.05.56:635][  0]LogMaterial: Verifying Global Shaders for PCD3D_SM5
[2019.04.03-08.05.56:638][  0]LogSlate: Using FreeType 2.6.0
[2019.04.03-08.05.56:639][  0]LogSlate: SlateFontServices - WITH_FREETYPE: 1, WITH_HARFBUZZ: 1
[2019.04.03-08.05.56:810][  0]LogAssetRegistry: FAssetRegistry took 0.0540 seconds to start up
[2019.04.03-08.05.57:300][  0]LogInit: Selected Device Profile: [Windows]
[2019.04.03-08.05.57:475][  0]LogSimplygon: Simplygon DLL not present - disabling.
[2019.04.03-08.05.57:479][  0]LogMeshReduction: Using SimplygonSwarm for distributed automatic mesh merging
[2019.04.03-08.05.57:479][  0]LogMeshReduction: Using ProxyLODMeshReduction for automatic mesh merging
[2019.04.03-08.05.57:479][  0]LogMeshReduction: Using QuadricMeshReduction for automatic static mesh reduction
[2019.04.03-08.05.57:479][  0]LogMeshReduction: No automatic skeletal mesh reduction module available
[2019.04.03-08.05.57:494][  0]LogNetVersion: ThirdPerson 1.0.0, NetCL: 4541578, EngineNetVer: 5, GameNetVer: 0 (Checksum: 2760498350)
[2019.04.03-08.05.58:325][  0]LogPackageLocalizationCache: Processed 11 localized package path(s) for 2 prioritized culture(s) in 0.196963 seconds
[2019.04.03-08.05.58:335][  0]LogUObjectArray: 39775 objects as part of root set at end of initial load.
[2019.04.03-08.05.58:335][  0]LogUObjectAllocator: 6914664 out of 0 bytes used by permanent object pool.
[2019.04.03-08.05.58:335][  0]LogUObjectArray: CloseDisregardForGC: 0/0 objects in disregard for GC pool
[2019.04.03-08.05.59:811][  0]LogTcpMessaging: Initializing TcpMessaging bridge
[2019.04.03-08.05.59:827][  0]LogUdpMessaging: Initializing bridge on interface 0.0.0.0:0 to multicast group 230.0.0.1:6666.
[2019.04.03-08.06.01:064][  0]SourceControl: Source control is disabled
[2019.04.03-08.06.01:064][  0]SourceControl: Source control is disabled
[2019.04.03-08.06.01:067][  0]SourceControl: Source control is disabled
[2019.04.03-08.06.01:069][  0]SourceControl: Source control is disabled
[2019.04.03-08.06.01:318][  0]LogAndroidPermission: UAndroidPermissionCallbackProxy::GetInstance
[2019.04.03-08.06.01:496][  0]LogOcInput: OculusInput pre-init called
[2019.04.03-08.06.01:716][  0]LogEngine: Initializing Engine...
[2019.04.03-08.06.01:717][  0]LogHMD: Failed to initialize OpenVR with code 110
[2019.04.03-08.06.01:721][  0]LogStats: UGameplayTagsManager::ConstructGameplayTagTree: ImportINI prefixes -  0.000 s
[2019.04.03-08.06.01:721][  0]LogStats: UGameplayTagsManager::ConstructGameplayTagTree: Construct from data asset -  0.000 s
[2019.04.03-08.06.01:721][  0]LogStats: UGameplayTagsManager::ConstructGameplayTagTree: ImportINI -  0.000 s
[2019.04.03-08.06.01:721][  0]LogStats: UGameplayTagsManager::ConstructGameplayTagTree: GameplayTagTreeChangedEvent.Broadcast -  0.000 s
[2019.04.03-08.06.02:239][  0]LogInit: Initializing FReadOnlyCVARCache
[2019.04.03-08.06.02:266][  0]LogAIModule: Creating AISystem for world Untitled
[2019.04.03-08.06.02:314][  0]LogInit: XAudio2 using 'Speakers (Realtek High Definition Audio)' : 6 channels at 44.1 kHz using 16 bits per sample (channel mask 0x3f)
[2019.04.03-08.06.02:365][  0]LogInit: FAudioDevice initialized.
[2019.04.03-08.06.02:365][  0]LogNetVersion: Set ProjectVersion to 1.0.0.0. Version Checksum will be recalculated on next use.
[2019.04.03-08.06.02:495][  0]LogDerivedDataCache: Saved boot cache 0.13s 71MB C:/Users/Ryan Skull/AppData/Local/UnrealEngine/4.21/DerivedDataCache/Boot.ddc.
[2019.04.03-08.06.02:517][  0]LogInit: Texture streaming: Enabled
[2019.04.03-08.06.02:552][  0]LogEngineSessionManager: EngineSessionManager initialized
[2019.04.03-08.06.02:581][  0]LogInit: Transaction tracking system initialized
[2019.04.03-08.06.02:637][  0]BlueprintLog: New page: Editor Load
[2019.04.03-08.06.02:799][  0]LocalizationService: Localization service is disabled
[2019.04.03-08.06.03:893][  0]LogCook: Display: Max memory allowance for cook 16384mb min free memory 0mb
[2019.04.03-08.06.03:893][  0]LogCook: Display: Mobile HDR setting 1
[2019.04.03-08.06.03:893][  0]LogGameplayTags: Display: UGameplayTagsManager::DoneAddingNativeTags. DelegateIsBound: 0
[2019.04.03-08.06.03:893][  0]LogStats: UGameplayTagsManager::ConstructGameplayTagTree: ImportINI prefixes -  0.000 s
[2019.04.03-08.06.03:893][  0]LogStats: UGameplayTagsManager::ConstructGameplayTagTree: Construct from data asset -  0.000 s
[2019.04.03-08.06.03:894][  0]LogStats: UGameplayTagsManager::ConstructGameplayTagTree: ImportINI -  0.000 s
[2019.04.03-08.06.03:894][  0]LogStats: UGameplayTagsManager::ConstructGameplayTagTree: GameplayTagTreeChangedEvent.Broadcast -  0.000 s
[2019.04.03-08.06.04:165][  0]LogFileCache: Scanning file cache for directory 'C:/Users/Ryan Skull/Documents/Unreal Projects/ThirdPerson/Content/' took 0.07s
[2019.04.03-08.06.04:165][  0]SourceControl: Source control is disabled
[2019.04.03-08.06.04:165][  0]Cmd: MAP LOAD FILE="../../../../../../Users/Ryan Skull/Documents/Unreal Projects/ThirdPerson/Content/ThirdPersonBP/Maps/ThirdPersonExampleMap.umap" TEMPLATE=0 SHOWPROGRESS=1 FEATURELEVEL=3
[2019.04.03-08.06.04:166][  0]LogEditorServer: Warning: Can't find file '../../../../../../Users/Ryan Skull/Documents/Unreal Projects/ThirdPerson/Content/ThirdPersonBP/Maps/ThirdPersonExampleMap.umap'
[2019.04.03-08.06.04:166][  0]Cmd: MAP CHECKDEP NOCLEARLOG
[2019.04.03-08.06.04:166][  0]MapCheck: Map check complete: 0 Error(s), 0 Warning(s), took 0.264ms to complete.
[2019.04.03-08.06.04:166][  0]LogFileHelpers: Loading map 'ThirdPersonExampleMap' took 0.001
[2019.04.03-08.06.04:390][  0]LogSlate: Updating window title bar state: overlay mode, drag disabled, window buttons hidden, title bar hidden
[2019.04.03-08.06.04:403][  0]LogSlate: Updating window title bar state: overlay mode, drag disabled, window buttons hidden, title bar hidden
[2019.04.03-08.06.04:420][  0]LogSlate: Updating window title bar state: overlay mode, drag disabled, window buttons hidden, title bar hidden
[2019.04.03-08.06.04:431][  0]LogSlate: Updating window title bar state: overlay mode, drag disabled, window buttons hidden, title bar hidden
[2019.04.03-08.06.04:452][  0]LogCollectionManager: Loaded 0 collections in 0.002818 seconds
[2019.04.03-08.06.04:487][  0]LogFileCache: Scanning file cache for directory 'C:/Users/Ryan Skull/Documents/Unreal Projects/ThirdPerson/Saved/Collections/' took 0.01s
[2019.04.03-08.06.04:487][  0]LogFileCache: Scanning file cache for directory 'C:/Users/Ryan Skull/Documents/Unreal Projects/ThirdPerson/Content/Developers/RyanSkull/Collections/' took 0.00s
[2019.04.03-08.06.04:487][  0]LogFileCache: Scanning file cache for directory 'C:/Users/Ryan Skull/Documents/Unreal Projects/ThirdPerson/Content/Collections/' took 0.00s
[2019.04.03-08.06.04:487][  0]LogCollectionManager: Rebuilt the GUID cache for 0 collections in 0.000000 seconds
[2019.04.03-08.06.04:505][  0]LogContentBrowser: Native class hierarchy populated in 0.0164 seconds. Added 2651 classes and 620 folders.
[2019.04.03-08.06.04:522][  0]LogContentBrowser: Native class hierarchy updated for 'WidgetCarousel' in 0.0003 seconds. Added 0 classes and 0 folders.
[2019.04.03-08.06.04:539][  0]LogPakFile: Registered encryption key '00000000000000000000000000000000': 0 pak files mounted, 0 remain pending
[2019.04.03-08.06.04:551][  0]LogPakFile: Registered encryption key '00000000000000000000000000000000': 0 pak files mounted, 0 remain pending
[2019.04.03-08.06.04:576][  0]LogPakFile: Registered encryption key '00000000000000000000000000000000': 0 pak files mounted, 0 remain pending
[2019.04.03-08.06.04:586][  0]LogPakFile: Registered encryption key '00000000000000000000000000000000': 0 pak files mounted, 0 remain pending
[2019.04.03-08.06.04:596][  0]LogPakFile: Registered encryption key '00000000000000000000000000000000': 0 pak files mounted, 0 remain pending
[2019.04.03-08.06.04:606][  0]LogPakFile: Registered encryption key '00000000000000000000000000000000': 0 pak files mounted, 0 remain pending
[2019.04.03-08.06.04:614][  0]LogPakFile: Registered encryption key '00000000000000000000000000000000': 0 pak files mounted, 0 remain pending
[2019.04.03-08.06.04:625][  0]LogPakFile: Registered encryption key '00000000000000000000000000000000': 0 pak files mounted, 0 remain pending
[2019.04.03-08.06.04:637][  0]LogPakFile: Registered encryption key '00000000000000000000000000000000': 0 pak files mounted, 0 remain pending
[2019.04.03-08.06.04:649][  0]LogPakFile: Registered encryption key '00000000000000000000000000000000': 0 pak files mounted, 0 remain pending
[2019.04.03-08.06.04:661][  0]LogPakFile: Registered encryption key '00000000000000000000000000000000': 0 pak files mounted, 0 remain pending
[2019.04.03-08.06.04:672][  0]LogPakFile: Registered encryption key '00000000000000000000000000000000': 0 pak files mounted, 0 remain pending
[2019.04.03-08.06.04:683][  0]LogPakFile: Registered encryption key '00000000000000000000000000000000': 0 pak files mounted, 0 remain pending
[2019.04.03-08.06.04:694][  0]LogPakFile: Registered encryption key '00000000000000000000000000000000': 0 pak files mounted, 0 remain pending
[2019.04.03-08.06.04:704][  0]LogPakFile: Registered encryption key '00000000000000000000000000000000': 0 pak files mounted, 0 remain pending
[2019.04.03-08.06.04:714][  0]LogPakFile: Registered encryption key '00000000000000000000000000000000': 0 pak files mounted, 0 remain pending
[2019.04.03-08.06.04:759][  0]LogPakFile: Registered encryption key '00000000000000000000000000000000': 0 pak files mounted, 0 remain pending
[2019.04.03-08.06.04:770][  0]LogPakFile: Registered encryption key '00000000000000000000000000000000': 0 pak files mounted, 0 remain pending
[2019.04.03-08.06.04:780][  0]LogPakFile: Registered encryption key '00000000000000000000000000000000': 0 pak files mounted, 0 remain pending
[2019.04.03-08.06.04:790][  0]LogPakFile: Registered encryption key '00000000000000000000000000000000': 0 pak files mounted, 0 remain pending
[2019.04.03-08.06.04:847][  0]LogPakFile: Registered encryption key '00000000000000000000000000000000': 0 pak files mounted, 0 remain pending
[2019.04.03-08.06.04:857][  0]LogPakFile: Registered encryption key '00000000000000000000000000000000': 0 pak files mounted, 0 remain pending
[2019.04.03-08.06.04:867][  0]LogPakFile: Registered encryption key '00000000000000000000000000000000': 0 pak files mounted, 0 remain pending
[2019.04.03-08.06.04:879][  0]LogPakFile: Registered encryption key '00000000000000000000000000000000': 0 pak files mounted, 0 remain pending
[2019.04.03-08.06.04:890][  0]LogPakFile: Registered encryption key '00000000000000000000000000000000': 0 pak files mounted, 0 remain pending
[2019.04.03-08.06.04:900][  0]LogPakFile: Registered encryption key '00000000000000000000000000000000': 0 pak files mounted, 0 remain pending
[2019.04.03-08.06.05:194][  0]LogContentBrowser: Native class hierarchy updated for 'AddContentDialog' in 0.0005 seconds. Added 0 classes and 0 folders.
[2019.04.03-08.06.05:215][  0]LogContentBrowser: Native class hierarchy updated for 'SceneOutliner' in 0.0007 seconds. Added 1 classes and 2 folders.
[2019.04.03-08.06.05:292][  0]LogSlate: Took 0.000274 seconds to synchronously load lazily loaded font '../../../Engine/Content/Slate/Fonts/Roboto-Regular.ttf' (155K)
[2019.04.03-08.06.05:297][  0]LogSlate: Took 0.000329 seconds to synchronously load lazily loaded font '../../../Engine/Content/Slate/Fonts/Roboto-Bold.ttf' (160K)
[2019.04.03-08.06.05:322][  0]LogSlate: Took 0.010197 seconds to synchronously load lazily loaded font '../../../Engine/Content/Editor/Slate/Fonts/FontAwesome.ttf' (139K)
[2019.04.03-08.06.05:623][  0]LogRenderer: Reallocating scene render targets to support 1208x576 Format 10 NumSamples 1 (Frame:1).
[2019.04.03-08.06.05:847][  0]LogContentBrowser: Native class hierarchy updated for 'HierarchicalLODOutliner' in 0.0007 seconds. Added 0 classes and 0 folders.
[2019.04.03-08.06.05:847][  0]LogLoad: (Engine Initialization) Total time: 15.61 seconds
[2019.04.03-08.06.05:847][  0]LogLoad: (Engine Initialization) Total Blueprint compile time: 0.00 seconds
[2019.04.03-08.06.05:916][  0]LogContentStreaming: Texture pool size now 1000 MB
[2019.04.03-08.06.06:144][  2]LogSlate: Took 0.010210 seconds to synchronously load lazily loaded font '../../../Engine/Content/Slate/Fonts/Roboto-Light.ttf' (167K)
[2019.04.03-08.06.06:247][  3]LogAssetRegistry: Asset discovery search completed in 9.4584 seconds
[2019.04.03-08.06.06:250][  3]LogCollectionManager: Rebuilt the object cache for 0 collections in 0.000001 seconds (found 0 objects)
[2019.04.03-08.06.06:250][  3]LogCollectionManager: Fixed up redirectors for 0 collections in 0.000065 seconds (updated 0 objects)
[2019.04.03-08.06.58:822][454]LogSlate: FSceneViewport::OnFocusLost() reason 0
[2019.04.03-08.07.00:033][589]LogSlate: Took 0.000298 seconds to synchronously load lazily loaded font '../../../Engine/Content/Slate/Fonts/Roboto-Light.ttf' (167K)
[2019.04.03-08.07.11:581][589]LogAIModule: Creating AISystem for world Arena
[2019.04.03-08.07.11:795][589]LogAssetEditorManager: Opening Asset editor for World /Game/Levels/Arena.Arena
[2019.04.03-08.07.11:847][589]Cmd: MAP LOAD FILE="../../../../../../Users/Ryan Skull/Documents/Unreal Projects/ThirdPerson/Content/Levels/Arena.umap" TEMPLATE=0 SHOWPROGRESS=1 FEATURELEVEL=3
[2019.04.03-08.07.11:847][589]LightingResults: New page: Lighting Build
[2019.04.03-08.07.11:851][589]LogContentBrowser: Native class hierarchy updated for 'StatsViewer' in 0.0003 seconds. Added 5 classes and 0 folders.
[2019.04.03-08.07.11:852][589]LoadErrors: New page: Loading map: Arena.umap
[2019.04.03-08.07.11:852][589]MapCheck: New page: Map Check
[2019.04.03-08.07.11:853][589]LightingResults: New page: Lighting Build
[2019.04.03-08.07.17:669][589]LogEditorServer: Finished looking for orphan Actors (0.000 secs)
[2019.04.03-08.07.17:811][589]Cmd: MAP CHECKDEP NOCLEARLOG
[2019.04.03-08.07.17:811][589]MapCheck: Map check complete: 0 Error(s), 0 Warning(s), took 0.188ms to complete.
[2019.04.03-08.07.17:811][589]LogFileHelpers: Loading map 'Arena' took 5.965
[2019.04.03-08.07.23:922][923]LogAssetEditorManager: Opening Asset editor for Blueprint /Game/ThirdPersonBP/Blueprints/Main_Character.Main_Character
[2019.04.03-08.07.25:105][923]LogContentBrowser: Native class hierarchy updated for 'BlueprintGraph' in 0.0014 seconds. Added 117 classes and 0 folders.
[2019.04.03-08.07.27:349][923]LogSlate: Took 0.008530 seconds to synchronously load lazily loaded font '../../../Engine/Content/Slate/Fonts/Roboto-BoldCondensed.ttf' (158K)
[2019.04.03-08.07.28:220][924]LogSlate: Took 0.009170 seconds to synchronously load lazily loaded font '../../../Engine/Content/Slate/Fonts/Roboto-Italic.ttf' (157K)
[2019.04.03-08.07.43:458][836]BlueprintLog: New page: Compile Main_Character
[2019.04.03-08.07.44:467][845]LogSavePackage: Moving '../../../../../../Users/Ryan Skull/Documents/Unreal Projects/ThirdPerson/Saved/Main_Character1CC7A15B490004C58BA28A90553DB55D.tmp' to '../../../../../../Users/Ryan Skull/Documents/Unreal Projects/ThirdPerson/Content/ThirdPersonBP/Blueprints/Main_Character.uasset'
[2019.04.03-08.07.46:331][ 20]LogTemp: Repeating last play command: Selected Viewport
[2019.04.03-08.07.46:364][ 20]LogBlueprintUserMessages: Early PlayInEditor Detection: Level '/Game/Levels/Arena.Arena:PersistentLevel' has LevelScriptBlueprint '/Game/Levels/Arena.Arena:PersistentLevel.Arena' with GeneratedClass '/Game/Levels/Arena.Arena_C' with ClassGeneratedBy '/Game/Levels/Arena.Arena:PersistentLevel.Arena'
[2019.04.03-08.07.46:364][ 20]LogPlayLevel: PlayLevel: No blueprints needed recompiling
[2019.04.03-08.07.46:365][ 20]PIE: New page: PIE session: Arena (3 Apr 2019 10:07:46)
[2019.04.03-08.07.46:379][ 20]LogPlayLevel: Creating play world package: /Game/Levels/UEDPIE_0_Arena
[2019.04.03-08.07.46:894][ 20]LogPlayLevel: PIE: StaticDuplicateObject took: (0.514132s)
[2019.04.03-08.07.46:904][ 20]LogAIModule: Creating AISystem for world Arena
[2019.04.03-08.07.46:905][ 20]LogPlayLevel: PIE: World Init took: (0.002948s)
[2019.04.03-08.07.46:905][ 20]LogPlayLevel: PIE: Created PIE world by copying editor world from /Game/Levels/Arena.Arena to /Game/Levels/UEDPIE_0_Arena.Arena (0.525710s)
[2019.04.03-08.07.46:998][ 20]LogInit: XAudio2 using 'Speakers (Realtek High Definition Audio)' : 6 channels at 44.1 kHz using 16 bits per sample (channel mask 0x3f)
[2019.04.03-08.07.47:019][ 20]LogInit: FAudioDevice initialized.
[2019.04.03-08.07.47:111][ 20]LogLoad: Game class is 'ThirdPersonGameMode_C'
[2019.04.03-08.07.47:196][ 20]LogWorld: Bringing World /Game/Levels/UEDPIE_0_Arena.Arena up for play (max tick rate 0) at 2019.04.03-09.07.47
[2019.04.03-08.07.47:204][ 20]LogWorld: Bringing up level for play took: 0.089332
[2019.04.03-08.07.47:244][ 20]LogContentBrowser: Native class hierarchy updated for 'MovieSceneCapture' in 0.0007 seconds. Added 20 classes and 0 folders.
[2019.04.03-08.07.47:256][ 20]PIE: Play in editor start time for /Game/Levels/UEDPIE_0_Arena 0.443
[2019.04.03-08.07.47:256][ 20]LogBlueprintUserMessages: Late PlayInEditor Detection: Level '/Game/Levels/Arena.Arena:PersistentLevel' has LevelScriptBlueprint '/Game/Levels/Arena.Arena:PersistentLevel.Arena' with GeneratedClass '/Game/Levels/Arena.Arena_C' with ClassGeneratedBy '/Game/Levels/Arena.Arena:PersistentLevel.Arena'
[2019.04.03-08.08.05:862][106]LogUnrealEdMisc: Warning: Heartbeat event firing too frequently (47.906 sec). This should never happen. Something is wrong with the timer delegate!
[2019.04.03-08.08.31:412][131]LogBlueprintUserMessages: Early EndPlayMap Detection: Level '/Game/Levels/Arena.Arena:PersistentLevel' has LevelScriptBlueprint '/Game/Levels/Arena.Arena:PersistentLevel.Arena' with GeneratedClass '/Game/Levels/Arena.Arena_C' with ClassGeneratedBy '/Game/Levels/Arena.Arena:PersistentLevel.Arena'
[2019.04.03-08.08.31:412][131]LogSlate: Updating window title bar state: overlay mode, drag disabled, window buttons hidden, title bar hidden
[2019.04.03-08.08.31:460][131]LogPlayLevel: Display: Shutting down PIE online subsystems
[2019.04.03-08.08.31:460][131]LogBlueprintUserMessages: Late EndPlayMap Detection: Level '/Game/Levels/Arena.Arena:PersistentLevel' has LevelScriptBlueprint '/Game/Levels/Arena.Arena:PersistentLevel.Arena' with GeneratedClass '/Game/Levels/Arena.Arena_C' with ClassGeneratedBy '/Game/Levels/Arena.Arena:PersistentLevel.Arena'
[2019.04.03-08.08.31:518][131]LogSlate: Updating window title bar state: overlay mode, drag disabled, window buttons hidden, title bar hidden
[2019.04.03-08.08.31:568][132]LogPlayLevel: Display: Destroying online subsystem :Context_4
[2019.04.03-08.08.33:604][349]LogSlate: FSceneViewport::OnFocusLost() reason 0
[2019.04.03-08.08.33:772][359]LogAssetEditorManager: Opening Asset editor for Blueprint /Game/ThirdPersonBP/Blueprints/Enemy_BP.Enemy_BP
[2019.04.03-08.08.47:988][ 81]LogSlate: Took 0.005067 seconds to synchronously load lazily loaded font '../../../Engine/Content/Slate/Fonts/Roboto-BoldCondensedItalic.ttf' (160K)
[2019.04.03-08.08.52:789][345]BlueprintLog: New page: Compile Enemy_BP
[2019.04.03-08.17.49:897][223]LogSavePackage: Moving '../../../../../../Users/Ryan Skull/Documents/Unreal Projects/ThirdPerson/Saved/Arena_Auto19E0075EB4A10B1DA048BC2B25F68594E.tmp' to '../../../../../../Users/Ryan Skull/Documents/Unreal Projects/ThirdPerson/Saved/Autosaves/Game/Levels/Arena_Auto1.umap'
[2019.04.03-08.17.49:917][223]LogFileHelpers: Editor autosave (incl. sublevels) for '/Game/Levels/Arena' took 4.707
[2019.04.03-08.17.49:917][223]LogFileHelpers: Editor autosave (incl. sublevels) for all levels took 4.707
[2019.04.03-08.17.49:921][223]OBJ SavePackage: Generating thumbnails for [1] asset(s) in package [/Game/ThirdPersonBP/Blueprints/Enemy_BP] ([1] browsable assets)...
[2019.04.03-08.17.49:951][223]OBJ SavePackage:     Rendered thumbnail for [Blueprint /Game/ThirdPersonBP/Blueprints/Enemy_BP.Enemy_BP]
[2019.04.03-08.17.49:951][223]OBJ SavePackage: Finished generating thumbnails for package [/Game/ThirdPersonBP/Blueprints/Enemy_BP]
[2019.04.03-08.17.50:089][223]LogSavePackage: Moving '../../../../../../Users/Ryan Skull/Documents/Unreal Projects/ThirdPerson/Saved/Enemy_BP_Auto12ED926E94FB860D1CC4F578BC8307FA4.tmp' to '../../../../../../Users/Ryan Skull/Documents/Unreal Projects/ThirdPerson/Saved/Autosaves/Game/ThirdPersonBP/Blueprints/Enemy_BP_Auto1.uasset'
[2019.04.03-08.17.50:100][223]LogFileHelpers: Auto-saving content packages took 0.181
[2019.04.03-08.44.18:755][754]LogSlate: Window 'Main_Character' being destroyed
[2019.04.03-08.44.18:763][754]LogActorComponent: UnregisterComponent: (/Engine/Transient.EditorFloorComp) Not registered. Aborting.
[2019.04.03-08.44.47:293][779]LogSavePackage: Moving '../../../../../../Users/Ryan Skull/Documents/Unreal Projects/ThirdPerson/Saved/Arena_Auto243E8650449E7EDDB248D8A994B317B28.tmp' to '../../../../../../Users/Ryan Skull/Documents/Unreal Projects/ThirdPerson/Saved/Autosaves/Game/Levels/Arena_Auto2.umap'
[2019.04.03-08.44.47:301][779]LogFileHelpers: Editor autosave (incl. sublevels) for '/Game/Levels/Arena' took 3.182
[2019.04.03-08.44.47:301][779]LogFileHelpers: Editor autosave (incl. sublevels) for all levels took 3.182
[2019.04.03-08.44.47:304][779]OBJ SavePackage: Generating thumbnails for [1] asset(s) in package [/Game/ThirdPersonBP/Blueprints/Enemy_BP] ([1] browsable assets)...
[2019.04.03-08.44.47:327][779]OBJ SavePackage:     Rendered thumbnail for [Blueprint /Game/ThirdPersonBP/Blueprints/Enemy_BP.Enemy_BP]
[2019.04.03-08.44.47:328][779]OBJ SavePackage: Finished generating thumbnails for package [/Game/ThirdPersonBP/Blueprints/Enemy_BP]
[2019.04.03-08.44.47:414][779]LogSavePackage: Moving '../../../../../../Users/Ryan Skull/Documents/Unreal Projects/ThirdPerson/Saved/Enemy_BP_Auto2571DFEDC4529174290208FA5EB634F60.tmp' to '../../../../../../Users/Ryan Skull/Documents/Unreal Projects/ThirdPerson/Saved/Autosaves/Game/ThirdPersonBP/Blueprints/Enemy_BP_Auto2.uasset'
[2019.04.03-08.44.47:416][779]LogFileHelpers: Auto-saving content packages took 0.112
[2019.04.03-08.56.07:370][625]LogFactory: FactoryCreateFile: StaticMesh with FbxFactory (0 0 ../../../../../../Users/Ryan Skull/Downloads/pirate_p_konstantinov.fbx)
[2019.04.03-08.56.07:431][625]LogFbx: Loading FBX Scene from ../../../../../../Users/Ryan Skull/Downloads/pirate_p_konstantinov.fbx
[2019.04.03-08.56.07:556][625]LogFbx: FBX Scene Loaded Succesfully
[2019.04.03-08.56.25:567][625]LogSlate: Window 'FBX Import Options' being destroyed
[2019.04.03-08.56.25:619][625]LogFbx: =================================================
[2019.04.03-08.56.25:619][625]LogFbx: Dumping Node START [VoidPirate] 
[2019.04.03-08.56.25:619][625]LogFbx: 	Total Deformer Count -2074775104.
[2019.04.03-08.56.25:619][625]LogFbx: 		[Node 1] Skin VoidPirate (Type Skin).
[2019.04.03-08.56.25:619][625]LogFbx: =================================================
[2019.04.03-08.56.25:619][625]LogFbx: 	Attribute (VoidPirate) Type (4).
[2019.04.03-08.56.25:619][625]LogFbx: 		[Node Attribute Child 1] VoidPirate (Type Mesh).
[2019.04.03-08.56.25:619][625]LogFbx: Dumping Node END [VoidPirate]
[2019.04.03-08.56.25:621][625]LogFbx: =================================================
[2019.04.03-08.56.25:621][625]LogFbx: Dumping Node START [VoidPirate] 
[2019.04.03-08.56.25:621][625]LogFbx: 	Total Deformer Count -2074775104.
[2019.04.03-08.56.25:621][625]LogFbx: 		[Node 1] Skin VoidPirate (Type Skin).
[2019.04.03-08.56.25:621][625]LogFbx: =================================================
[2019.04.03-08.56.25:621][625]LogFbx: 	Attribute (VoidPirate) Type (4).
[2019.04.03-08.56.25:621][625]LogFbx: 		[Node Attribute Child 1] VoidPirate (Type Mesh).
[2019.04.03-08.56.25:621][625]LogFbx: Dumping Node END [VoidPirate]
[2019.04.03-08.56.25:623][625]LogFbx: Warning: Not valid bind pose for Pose (skinCluster1) - Node VoidPirate : The relative matrices do not match
[2019.04.03-08.56.25:623][625]LogFbx: Warning: Getting valid bind pose failed. Try to recreate bind pose
[2019.04.03-08.56.25:624][625]LogFbx: Valid bind pose for Pose (FbxSDKBindPose) - VoidPirate
[2019.04.03-08.56.25:624][625]LogFbx: Warning: Recreating bind pose succeeded.
[2019.04.03-08.56.25:958][625]LogMaterial: Warning: Material /Game/Mixamo/Models/Pirate/default1.default1 needed to have new flag set bUsedWithSkeletalMesh !
[2019.04.03-08.56.25:969][625]LogMaterial: Display: Missing cached shader map for material default1, compiling. 
[2019.04.03-08.56.26:081][625]LogLinker: Can't find file '/Game/Mixamo/Models/Pirate/void_diffuse'
[2019.04.03-08.56.26:082][625]LogLinker: Can't find file '/Game/Mixamo/Models/Pirate/void_diffuse'
[2019.04.03-08.56.26:253][625]LogShaderCompilers: Display: Shaders left to compile 60
[2019.04.03-08.56.26:253][625]LogShaderCompilers: Display: Shaders left to compile 50
[2019.04.03-08.56.26:253][625]LogShaderCompilers: Display: Shaders left to compile 40
[2019.04.03-08.56.26:253][625]LogShaderCompilers: Display: Shaders left to compile 30
[2019.04.03-08.56.26:253][625]LogShaderCompilers: Display: Shaders left to compile 20
[2019.04.03-08.56.26:253][625]LogShaderCompilers: Display: Shaders left to compile 10
[2019.04.03-08.56.26:278][625]LogTexture: Display: Building textures: void_diffuse (AutoDXT, 2048X2048)
[2019.04.03-08.56.26:802][625]LogLinker: Can't find file '/Game/Mixamo/Models/Pirate/void_specular'
[2019.04.03-08.56.26:802][625]LogLinker: Can't find file '/Game/Mixamo/Models/Pirate/void_specular'
[2019.04.03-08.56.26:859][625]LogTexture: Display: Building textures: void_specular (AutoDXT, 1024X1024)
[2019.04.03-08.56.27:013][625]LogLinker: Can't find file '/Game/Mixamo/Models/Pirate/void_normal'
[2019.04.03-08.56.27:013][625]LogLinker: Can't find file '/Game/Mixamo/Models/Pirate/void_normal'
[2019.04.03-08.56.27:081][625]LogTexture: Display: Building textures: void_normal (BC5, 1024X1024)
[2019.04.03-08.56.27:209][625]LogMaterial: Display: Missing cached shader map for material default1, compiling. 
[2019.04.03-08.56.27:262][625]LogShaderCompilers: Display: Shaders left to compile 60
[2019.04.03-08.56.27:262][625]LogShaderCompilers: Display: Shaders left to compile 50
[2019.04.03-08.56.27:379][625]LogFbx: Warning: Bones digested - 65  Depth of hierarchy - 12
[2019.04.03-08.56.33:604][625]LogShaderCompilers: Display: Shaders left to compile 40
[2019.04.03-08.56.33:604][625]LogShaderCompilers: Display: Shaders left to compile 30
[2019.04.03-08.56.33:604][625]LogShaderCompilers: Display: Shaders left to compile 20
[2019.04.03-08.56.33:604][625]LogShaderCompilers: Display: Shaders left to compile 10
[2019.04.03-08.56.51:119][625]LogSkeletalMesh: Section 0: 14277 vertices, 47 active bones
[2019.04.03-08.56.51:174][625]LogSkeletalMesh: Section 0: Material=0, 23203 triangles
[2019.04.03-08.56.51:175][625]LogSkeletalMesh: Building Skeletal Mesh pirate_p_konstantinov...
[2019.04.03-08.56.51:311][625]LogSkeletalMesh: Built Skeletal Mesh [0.14s] /Game/Mixamo/Models/Pirate/pirate_p_konstantinov.pirate_p_konstantinov
[2019.04.03-08.56.51:359][625]LogLinker: Can't find file '/Game/Mixamo/Models/Pirate/pirate_p_konstantinov_Skeleton'
[2019.04.03-08.56.51:359][625]LogLinker: Can't find file '/Game/Mixamo/Models/Pirate/pirate_p_konstantinov_Skeleton'
[2019.04.03-08.56.51:362][625]LogLinker: Can't find file '/Game/Mixamo/Models/Pirate/pirate_p_konstantinov_PhysicsAsset'
[2019.04.03-08.56.51:362][625]LogLinker: Can't find file '/Game/Mixamo/Models/Pirate/pirate_p_konstantinov_PhysicsAsset'
[2019.04.03-08.56.51:400][625]LogSkeletalMesh: Building Skeletal Mesh pirate_p_konstantinov...
[2019.04.03-08.56.51:502][625]LogSkeletalMesh: Built Skeletal Mesh [0.10s] /Game/Mixamo/Models/Pirate/pirate_p_konstantinov.pirate_p_konstantinov
[2019.04.03-08.56.51:523][625]FBXImport: Warning: No smoothing group information was found in this FBX scene.  Please make sure to enable the 'Export Smoothing Groups' option in the FBX Exporter plug-in before exporting the file.  Even for tools that don't support smoothing groups, the FBX Exporter will generate appropriate smoothing data at export-time so that correct vertex normals can be inferred while importing. 
[2019.04.03-08.56.51:530][625]LogSkeletalMesh: Building Skeletal Mesh pirate_p_konstantinov...
[2019.04.03-08.56.51:643][625]LogSkeletalMesh: Built Skeletal Mesh [0.11s] /Game/Mixamo/Models/Pirate/pirate_p_konstantinov.pirate_p_konstantinov
[2019.04.03-08.56.51:824][626]LogFileHelpers: Editor autosave (incl. sublevels) for '/Game/Levels/Arena' took 0.040
[2019.04.03-08.56.51:826][626]OBJ SavePackage: Generating thumbnails for [1] asset(s) in package [/Game/Mixamo/Models/Pirate/pirate_p_konstantinov] ([1] browsable assets)...
[2019.04.03-08.56.51:849][626]OBJ SavePackage:     Rendered thumbnail for [SkeletalMesh /Game/Mixamo/Models/Pirate/pirate_p_konstantinov.pirate_p_konstantinov]
[2019.04.03-08.56.51:849][626]OBJ SavePackage: Finished generating thumbnails for package [/Game/Mixamo/Models/Pirate/pirate_p_konstantinov]
[2019.04.03-08.56.52:133][626]LogSavePackage: Moving '../../../../../../Users/Ryan Skull/Documents/Unreal Projects/ThirdPerson/Saved/pirate_p_konstantinov_Auto32BD74FCD4A410D587E824493039F99C8.tmp' to '../../../../../../Users/Ryan Skull/Documents/Unreal Projects/ThirdPerson/Saved/Autosaves/Game/Mixamo/Models/Pirate/pirate_p_konstantinov_Auto3.uasset'
[2019.04.03-08.56.52:135][626]OBJ SavePackage: Generating thumbnails for [1] asset(s) in package [/Game/Mixamo/Models/Pirate/default1] ([1] browsable assets)...
[2019.04.03-08.56.52:157][626]OBJ SavePackage:     Rendered thumbnail for [Material /Game/Mixamo/Models/Pirate/default1.default1]
[2019.04.03-08.56.52:157][626]OBJ SavePackage: Finished generating thumbnails for package [/Game/Mixamo/Models/Pirate/default1]
[2019.04.03-08.56.52:188][626]LogSavePackage: Moving '../../../../../../Users/Ryan Skull/Documents/Unreal Projects/ThirdPerson/Saved/default1_Auto3908481A94612AACBE4D75B836F00AD01.tmp' to '../../../../../../Users/Ryan Skull/Documents/Unreal Projects/ThirdPerson/Saved/Autosaves/Game/Mixamo/Models/Pirate/default1_Auto3.uasset'
[2019.04.03-08.56.52:191][626]OBJ SavePackage: Generating thumbnails for [1] asset(s) in package [/Game/Mixamo/Models/Pirate/void_diffuse] ([1] browsable assets)...
[2019.04.03-08.56.52:209][626]OBJ SavePackage:     Rendered thumbnail for [Texture2D /Game/Mixamo/Models/Pirate/void_diffuse.void_diffuse]
[2019.04.03-08.56.52:209][626]OBJ SavePackage: Finished generating thumbnails for package [/Game/Mixamo/Models/Pirate/void_diffuse]
[2019.04.03-08.56.52:239][626]LogSavePackage: Moving '../../../../../../Users/Ryan Skull/Documents/Unreal Projects/ThirdPerson/Saved/void_diffuse_Auto36D605AD9499B9B1C868D1CBE4386BBB3.tmp' to '../../../../../../Users/Ryan Skull/Documents/Unreal Projects/ThirdPerson/Saved/Autosaves/Game/Mixamo/Models/Pirate/void_diffuse_Auto3.uasset'
[2019.04.03-08.56.52:248][626]OBJ SavePackage: Generating thumbnails for [1] asset(s) in package [/Game/Mixamo/Models/Pirate/void_specular] ([1] browsable assets)...
[2019.04.03-08.56.52:255][626]OBJ SavePackage:     Rendered thumbnail for [Texture2D /Game/Mixamo/Models/Pirate/void_specular.void_specular]
[2019.04.03-08.56.52:255][626]OBJ SavePackage: Finished generating thumbnails for package [/Game/Mixamo/Models/Pirate/void_specular]
[2019.04.03-08.56.52:277][626]LogSavePackage: Moving '../../../../../../Users/Ryan Skull/Documents/Unreal Projects/ThirdPerson/Saved/void_specular_Auto398EEF40444D126572BF50EA6F842810C.tmp' to '../../../../../../Users/Ryan Skull/Documents/Unreal Projects/ThirdPerson/Saved/Autosaves/Game/Mixamo/Models/Pirate/void_specular_Auto3.uasset'
[2019.04.03-08.56.52:279][626]OBJ SavePackage: Generating thumbnails for [1] asset(s) in package [/Game/Mixamo/Models/Pirate/void_normal] ([1] browsable assets)...
[2019.04.03-08.56.52:289][626]OBJ SavePackage:     Rendered thumbnail for [Texture2D /Game/Mixamo/Models/Pirate/void_normal.void_normal]
[2019.04.03-08.56.52:289][626]OBJ SavePackage: Finished generating thumbnails for package [/Game/Mixamo/Models/Pirate/void_normal]
[2019.04.03-08.56.52:322][626]LogSavePackage: Moving '../../../../../../Users/Ryan Skull/Documents/Unreal Projects/ThirdPerson/Saved/void_normal_Auto3B7E4C877415DE11ED129CB9603878E8F.tmp' to '../../../../../../Users/Ryan Skull/Documents/Unreal Projects/ThirdPerson/Saved/Autosaves/Game/Mixamo/Models/Pirate/void_normal_Auto3.uasset'
[2019.04.03-08.56.52:325][626]OBJ SavePackage: Generating thumbnails for [0] asset(s) in package [/Game/Mixamo/Models/Pirate/pirate_p_konstantinov_Skeleton] ([1] browsable assets)...
[2019.04.03-08.56.52:325][626]OBJ SavePackage: Finished generating thumbnails for package [/Game/Mixamo/Models/Pirate/pirate_p_konstantinov_Skeleton]
[2019.04.03-08.56.52:340][626]LogSavePackage: Moving '../../../../../../Users/Ryan Skull/Documents/Unreal Projects/ThirdPerson/Saved/pirate_p_konstantinov_Skeleton_AB603C6A4401641AC888CC695BF6778EA.tmp' to '../../../../../../Users/Ryan Skull/Documents/Unreal Projects/ThirdPerson/Saved/Autosaves/Game/Mixamo/Models/Pirate/pirate_p_konstantinov_Skeleton_Auto3.uasset'
[2019.04.03-08.56.52:343][626]OBJ SavePackage: Generating thumbnails for [1] asset(s) in package [/Game/Mixamo/Models/Pirate/pirate_p_konstantinov_PhysicsAsset] ([1] browsable assets)...
[2019.04.03-08.56.52:378][626]OBJ SavePackage:     Rendered thumbnail for [PhysicsAsset /Game/Mixamo/Models/Pirate/pirate_p_konstantinov_PhysicsAsset.pirate_p_konstantinov_PhysicsAsset]
[2019.04.03-08.56.52:378][626]OBJ SavePackage: Finished generating thumbnails for package [/Game/Mixamo/Models/Pirate/pirate_p_konstantinov_PhysicsAsset]
[2019.04.03-08.56.52:400][626]LogSavePackage: Moving '../../../../../../Users/Ryan Skull/Documents/Unreal Projects/ThirdPerson/Saved/pirate_p_konstantinov_PhysicsAss1EEBE9C6455CF5ABB1020A8CF8F181CD.tmp' to '../../../../../../Users/Ryan Skull/Documents/Unreal Projects/ThirdPerson/Saved/Autosaves/Game/Mixamo/Models/Pirate/pirate_p_konstantinov_PhysicsAsset_Auto3.uasset'
[2019.04.03-08.56.52:402][626]LogFileHelpers: Auto-saving content packages took 0.578
[2019.04.03-08.56.58:466][138]LogSlate: Window 'Message Log' being destroyed
[2019.04.03-08.56.58:472][138]LogSlate: Window 'Message Log' being destroyed
[2019.04.03-08.57.01:274][392]LogAssetEditorManager: Opening Asset editor for Skeleton /Game/Mixamo/Models/Pirate/pirate_p_konstantinov_Skeleton.pirate_p_konstantinov_Skeleton
[2019.04.03-08.57.01:304][392]LogContentBrowser: Native class hierarchy updated for 'SkeletonEditor' in 0.0006 seconds. Added 1 classes and 2 folders.
[2019.04.03-08.57.01:649][392]LogActorComponent: RegisterComponentWithWorld: (/Engine/Transient.World_8:PersistentLevel.AnimationEditorPreviewActor_0.DebugSkelMeshComponent_0) Already registered. Aborting.
[2019.04.03-08.57.01:667][392]LogContentBrowser: Native class hierarchy updated for 'PinnedCommandList' in 0.0004 seconds. Added 1 classes and 0 folders.
[2019.04.03-08.57.01:805][392]LogSkeletalMesh: USkeletalMeshComponent::InitArticulated : Bodies already created (/Engine/Transient.World_8:PersistentLevel.AnimationEditorPreviewActor_0.DebugSkelMeshComponent_0) - call TermArticulated first.
[2019.04.03-08.57.02:370][392]LogContentBrowser: Native class hierarchy updated for 'ClothingSystemEditorInterface' in 0.0004 seconds. Added 1 classes and 0 folders.
[2019.04.03-08.57.02:396][392]LogRenderer: Reallocating scene render targets to support 1208x888 Format 10 NumSamples 1 (Frame:1).
[2019.04.03-08.57.05:861][612]LogUnrealEdMisc: Warning: Heartbeat event firing too frequently (14.142 sec). This should never happen. Something is wrong with the timer delegate!
[2019.04.03-08.57.30:143][ 96]LogSlate: FSceneViewport::OnFocusLost() reason 0
[2019.04.03-08.57.30:262][105]LogAssetEditorManager: Opening Asset editor for SkeletalMesh /Game/Mixamo/Models/Pirate/pirate_p_konstantinov.pirate_p_konstantinov
[2019.04.03-08.57.30:279][105]LogActorComponent: RegisterComponentWithWorld: (/Engine/Transient.World_9:PersistentLevel.AnimationEditorPreviewActor_0.DebugSkelMeshComponent_0) Already registered. Aborting.
[2019.04.03-08.57.30:316][105]LogSkeletalMesh: USkeletalMeshComponent::InitArticulated : Bodies already created (/Engine/Transient.World_9:PersistentLevel.AnimationEditorPreviewActor_0.DebugSkelMeshComponent_0) - call TermArticulated first.
[2019.04.03-08.57.32:111][214]LogAssetEditorManager: Opening Asset editor for PhysicsAsset /Game/Mixamo/Models/Pirate/pirate_p_konstantinov_PhysicsAsset.pirate_p_konstantinov_PhysicsAsset
[2019.04.03-08.57.32:142][214]LogContentBrowser: Native class hierarchy updated for 'PhysicsAssetEditor' in 0.0005 seconds. Added 7 classes and 3 folders.
[2019.04.03-08.57.32:157][214]LogActorComponent: RegisterComponentWithWorld: (/Engine/Transient.World_10:PersistentLevel.AnimationEditorPreviewActor_0.PhysicsAssetEditorSkeletalMeshComponent_0) Already registered. Aborting.
[2019.04.03-08.57.35:477][366]LogSlate: Window 'pirate_p_konstantinov_PhysicsAsset*' being destroyed
[2019.04.03-08.57.35:491][366]LogSlate: Window 'pirate_p_konstantinov_PhysicsAsset*' being destroyed
[2019.04.03-08.57.48:192][547]LogEditorViewport: Clicking on Actor (LMB): SkeletalMeshActor (pirate_p_konstantinov_Skeleton)
[2019.04.03-08.57.48:932][630]Cmd: DELETE
[2019.04.03-08.57.48:932][630]Cmd: ACTOR DELETE
[2019.04.03-08.57.49:044][630]LogEditorActor: Deleted Actor: SkeletalMeshActor
[2019.04.03-08.57.49:096][630]LogEditorActor: Deleted 1 Actors (0.155 secs)
[2019.04.03-08.57.51:839][872]LogSlate: FSceneViewport::OnFocusLost() reason 0
[2019.04.03-08.58.23:817][880]LogFactory: FactoryCreateFile: StaticMesh with FbxFactory (0 0 ../../../../../../Users/Ryan Skull/Downloads/Standing Melee Attack Horizontal.fbx)
[2019.04.03-08.58.23:831][880]LogFbx: Loading FBX Scene from ../../../../../../Users/Ryan Skull/Downloads/Standing Melee Attack Horizontal.fbx
[2019.04.03-08.58.23:859][880]LogFbx: FBX Scene Loaded Succesfully
[2019.04.03-08.58.30:896][880]LogSlate: Window 'FBX Import Options' being destroyed
[2019.04.03-08.58.30:944][880]LogFbx: SortedLinks :(0) Hips
[2019.04.03-08.58.30:944][880]LogFbx: SortedLinks :(1) Spine
[2019.04.03-08.58.30:944][880]LogFbx: SortedLinks :(2) Spine1
[2019.04.03-08.58.30:944][880]LogFbx: SortedLinks :(3) Spine2
[2019.04.03-08.58.30:944][880]LogFbx: SortedLinks :(4) Neck
[2019.04.03-08.58.30:944][880]LogFbx: SortedLinks :(5) Head
[2019.04.03-08.58.30:944][880]LogFbx: SortedLinks :(6) HeadTop_End
[2019.04.03-08.58.30:944][880]LogFbx: SortedLinks :(7) LeftShoulder
[2019.04.03-08.58.30:944][880]LogFbx: SortedLinks :(8) LeftArm
[2019.04.03-08.58.30:944][880]LogFbx: SortedLinks :(9) LeftForeArm
[2019.04.03-08.58.30:944][880]LogFbx: SortedLinks :(10) LeftHand
[2019.04.03-08.58.30:944][880]LogFbx: SortedLinks :(11) LeftHandThumb1
[2019.04.03-08.58.30:944][880]LogFbx: SortedLinks :(12) LeftHandThumb2
[2019.04.03-08.58.30:944][880]LogFbx: SortedLinks :(13) LeftHandThumb3
[2019.04.03-08.58.30:944][880]LogFbx: SortedLinks :(14) LeftHandThumb4
[2019.04.03-08.58.30:944][880]LogFbx: SortedLinks :(15) LeftHandIndex1
[2019.04.03-08.58.30:944][880]LogFbx: SortedLinks :(16) LeftHandIndex2
[2019.04.03-08.58.30:944][880]LogFbx: SortedLinks :(17) LeftHandIndex3
[2019.04.03-08.58.30:944][880]LogFbx: SortedLinks :(18) LeftHandIndex4
[2019.04.03-08.58.30:944][880]LogFbx: SortedLinks :(19) LeftHandMiddle1
[2019.04.03-08.58.30:944][880]LogFbx: SortedLinks :(20) LeftHandMiddle2
[2019.04.03-08.58.30:944][880]LogFbx: SortedLinks :(21) LeftHandMiddle3
[2019.04.03-08.58.30:945][880]LogFbx: SortedLinks :(22) LeftHandMiddle4
[2019.04.03-08.58.30:945][880]LogFbx: SortedLinks :(23) LeftHandRing1
[2019.04.03-08.58.30:945][880]LogFbx: SortedLinks :(24) LeftHandRing2
[2019.04.03-08.58.30:945][880]LogFbx: SortedLinks :(25) LeftHandRing3
[2019.04.03-08.58.30:945][880]LogFbx: SortedLinks :(26) LeftHandRing4
[2019.04.03-08.58.30:945][880]LogFbx: SortedLinks :(27) LeftHandPinky1
[2019.04.03-08.58.30:945][880]LogFbx: SortedLinks :(28) LeftHandPinky2
[2019.04.03-08.58.30:945][880]LogFbx: SortedLinks :(29) LeftHandPinky3
[2019.04.03-08.58.30:945][880]LogFbx: SortedLinks :(30) LeftHandPinky4
[2019.04.03-08.58.30:945][880]LogFbx: SortedLinks :(31) RightShoulder
[2019.04.03-08.58.30:945][880]LogFbx: SortedLinks :(32) RightArm
[2019.04.03-08.58.30:945][880]LogFbx: SortedLinks :(33) RightForeArm
[2019.04.03-08.58.30:945][880]LogFbx: SortedLinks :(34) RightHand
[2019.04.03-08.58.30:945][880]LogFbx: SortedLinks :(35) RightHandThumb1
[2019.04.03-08.58.30:945][880]LogFbx: SortedLinks :(36) RightHandThumb2
[2019.04.03-08.58.30:945][880]LogFbx: SortedLinks :(37) RightHandThumb3
[2019.04.03-08.58.30:945][880]LogFbx: SortedLinks :(38) RightHandThumb4
[2019.04.03-08.58.30:945][880]LogFbx: SortedLinks :(39) RightHandIndex1
[2019.04.03-08.58.30:945][880]LogFbx: SortedLinks :(40) RightHandIndex2
[2019.04.03-08.58.30:945][880]LogFbx: SortedLinks :(41) RightHandIndex3
[2019.04.03-08.58.30:945][880]LogFbx: SortedLinks :(42) RightHandIndex4
[2019.04.03-08.58.30:945][880]LogFbx: SortedLinks :(43) RightHandMiddle1
[2019.04.03-08.58.30:945][880]LogFbx: SortedLinks :(44) RightHandMiddle2
[2019.04.03-08.58.30:945][880]LogFbx: SortedLinks :(45) RightHandMiddle3
[2019.04.03-08.58.30:945][880]LogFbx: SortedLinks :(46) RightHandMiddle4
[2019.04.03-08.58.30:945][880]LogFbx: SortedLinks :(47) RightHandRing1
[2019.04.03-08.58.30:945][880]LogFbx: SortedLinks :(48) RightHandRing2
[2019.04.03-08.58.30:945][880]LogFbx: SortedLinks :(49) RightHandRing3
[2019.04.03-08.58.30:945][880]LogFbx: SortedLinks :(50) RightHandRing4
[2019.04.03-08.58.30:945][880]LogFbx: SortedLinks :(51) RightHandPinky1
[2019.04.03-08.58.30:945][880]LogFbx: SortedLinks :(52) RightHandPinky2
[2019.04.03-08.58.30:945][880]LogFbx: SortedLinks :(53) RightHandPinky3
[2019.04.03-08.58.30:945][880]LogFbx: SortedLinks :(54) RightHandPinky4
[2019.04.03-08.58.30:945][880]LogFbx: SortedLinks :(55) LeftUpLeg
[2019.04.03-08.58.30:945][880]LogFbx: SortedLinks :(56) LeftLeg
[2019.04.03-08.58.30:945][880]LogFbx: SortedLinks :(57) LeftFoot
[2019.04.03-08.58.30:945][880]LogFbx: SortedLinks :(58) LeftToeBase
[2019.04.03-08.58.30:945][880]LogFbx: SortedLinks :(59) LeftToe_End
[2019.04.03-08.58.30:945][880]LogFbx: SortedLinks :(60) RightUpLeg
[2019.04.03-08.58.30:945][880]LogFbx: SortedLinks :(61) RightLeg
[2019.04.03-08.58.30:945][880]LogFbx: SortedLinks :(62) RightFoot
[2019.04.03-08.58.30:945][880]LogFbx: SortedLinks :(63) RightToeBase
[2019.04.03-08.58.30:945][880]LogFbx: SortedLinks :(64) RightToe_End
[2019.04.03-08.58.30:946][880]LogFbx: Parsing AnimStack mixamo.com
[2019.04.03-08.58.30:951][880]LogLinker: Can't find file '/Game/Mixamo/Animations/Pirate/Standing_Melee_Attack_Horizontal'
[2019.04.03-08.58.30:951][880]LogLinker: Can't find file '/Game/Mixamo/Animations/Pirate/Standing_Melee_Attack_Horizontal'
[2019.04.03-08.58.31:347][880]LogAnimationCompression: Building Anim DDC data for AnimSequence /Game/Mixamo/Animations/Pirate/Standing_Melee_Attack_Horizontal.Standing_Melee_Attack_Horizontal
[2019.04.03-08.58.31:348][880]LogAnimationCompression: Recompressing (AnimSequence /Engine/Transient.Standing_Melee_Attack_Horizontal) using current/default (AnimCompress_BitwiseCompressOnly_0) bFirstRecompressUsingCurrentOrDefault(1) bTryAlternateCompressor(0) IsCompressedDataValid(0)
[2019.04.03-08.58.32:399][976]LogAssetEditorManager: Opening Asset editor for AnimSequence /Game/Mixamo/Animations/Pirate/Standing_Melee_Attack_Horizontal.Standing_Melee_Attack_Horizontal
[2019.04.03-08.58.32:424][976]LogActorComponent: RegisterComponentWithWorld: (/Engine/Transient.World_12:PersistentLevel.AnimationEditorPreviewActor_0.DebugSkelMeshComponent_0) Already registered. Aborting.
[2019.04.03-08.58.32:450][976]LogSkeletalMesh: USkeletalMeshComponent::InitArticulated : Bodies already created (/Engine/Transient.World_12:PersistentLevel.AnimationEditorPreviewActor_0.DebugSkelMeshComponent_0) - call TermArticulated first.
[2019.04.03-08.58.32:889][976]LogContentBrowser: Verbose: The majority of assets in the view are of type: AnimSequence
[2019.04.03-08.58.41:263][512]LogSlate: FSceneViewport::OnFocusLost() reason 0
[2019.04.03-08.58.53:232][361]LogSlate: FSceneViewport::OnFocusLost() reason 0
[2019.04.03-08.58.53:287][365]LogSlate: Window 'Standing_Melee_Attack_Horizontal*' being destroyed
[2019.04.03-08.58.53:302][365]LogSlate: Window 'Standing_Melee_Attack_Horizontal*' being destroyed
[2019.04.03-08.59.22:517][241]LogSavePackage: Moving '../../../../../../Users/Ryan Skull/Documents/Unreal Projects/ThirdPerson/Saved/Standing_Melee_BasicEFCDC141407F98F3E29CA187ADD60BB9.tmp' to '../../../../../../Users/Ryan Skull/Documents/Unreal Projects/ThirdPerson/Content/Mixamo/Animations/Pirate/Standing_Melee_Basic.uasset'
[2019.04.03-08.59.27:961][661]LogAssetEditorManager: Opening Asset editor for AnimSequence /Game/Mixamo/Animations/Pirate/Standing_Melee_Basic.Standing_Melee_Basic
[2019.04.03-08.59.27:971][661]LogActorComponent: RegisterComponentWithWorld: (/Engine/Transient.World_15:PersistentLevel.AnimationEditorPreviewActor_0.DebugSkelMeshComponent_0) Already registered. Aborting.
[2019.04.03-08.59.28:015][661]LogSkeletalMesh: USkeletalMeshComponent::InitArticulated : Bodies already created (/Engine/Transient.World_15:PersistentLevel.AnimationEditorPreviewActor_0.DebugSkelMeshComponent_0) - call TermArticulated first.
[2019.04.03-08.59.28:474][661]LogContentBrowser: Verbose: The majority of assets in the view are of type: AnimSequence
